#
# A fatal error has been detected by the Java Runtime Environment:
#
#  SIGSEGV (0xb) at pc=0x0000000124a3d3fd, pid=2410, tid=1811
#
# JRE version: Java(TM) SE Runtime Environment (8.0_20-b26) (build 1.8.0_20-b26)
# Java VM: Java HotSpot(TM) 64-Bit Server VM (25.20-b23 mixed mode bsd-amd64 compressed oops)
# Problematic frame:
# C  [libglass.dylib+0x163fd]  GlassScreenDidChangeScreenParameters+0x9d
#
# Failed to write core dump. Core dumps have been disabled. To enable core dumping, try "ulimit -c unlimited" before starting Java again
#
# If you would like to submit a bug report, please visit:
#   http://bugreport.sun.com/bugreport/crash.jsp
#

---------------  T H R E A D  ---------------

Current thread is native thread

siginfo: si_signo: 11 (SIGSEGV), si_code: 1 (SEGV_MAPERR), si_addr: 0x0000000000000000

Registers:
RAX=0x0000000124a6fe40, RBX=0x0000000000000000, RCX=0x4b007b343f0aabf6, RDX=0x00007f8c8964d550
RSP=0x00007fff550aa010, RBP=0x00007fff550aa020, RSI=0x00007f8c89701218, RDI=0x0000000000000000
R8 =0x00007fff550a9ec0, R9 =0x00007fff76ff5300, R10=0x0000000000000000, R11=0x0000000000000246
R12=0x00007f8c89432110, R13=0x00000000000f4268, R14=0x00007f8c895709d0, R15=0x00007fff550aa160
RIP=0x0000000124a3d3fd, EFLAGS=0x0000000000010206, ERR=0x0000000000000004
  TRAPNO=0x000000000000000e

Top of Stack: (sp=0x00007fff550aa010)
0x00007fff550aa010:   00007fff550aa1f0 00007f8c895709d0
0x00007fff550aa020:   00007fff550aa030 00007fff8c6f6cbc
0x00007fff550aa030:   00007fff550aa390 00007fff8c5e81b4
0x00007fff550aa040:   00007f8c8e000800 0000000000001e00
0x00007fff550aa050:   000000010ab6d000 00007f8c897fc080
0x00007fff550aa060:   0000000000001003 0000000000000ba0
0x00007fff550aa070:   0000000000000004 00007f8c895709d0
0x00007fff550aa080:   0000000000000000 00007fff550aa160
0x00007fff550aa090:   0000000000000000 00007f8c89570990
0x00007fff550aa0a0:   00007fff550aa1e0 000000000000007c
0x00007fff550aa0b0:   00000000000f43b0 00007f8c89780030
0x00007fff550aa0c0:   00007f8c895510d0 00007f8c89432110
0x00007fff550aa0d0:   0000000000000001 00000000000f4268
0x00007fff550aa0e0:   00007f8c89432100 00007fff8c42dacb
0x00007fff550aa0f0:   0000000000000001 0000000000000001
0x00007fff550aa100:   0000000000000030 0000000000000001
0x00007fff550aa110:   00007fff550aa130 00007fff8c433231
0x00007fff550aa120:   00007fff7779ddd0 0000000000000000
0x00007fff550aa130:   00007fff550aa150 0000000000000023
0x00007fff550aa140:   0009fc0300000000 00007f8c89432134
0x00007fff550aa150:   0000000000000000 00007fff8c5ddc8f
0x00007fff550aa160:   00007f8c895709d0 00007fff7779ddd0
0x00007fff550aa170:   00007fff550aa1f0 00007fff8c5e67bf
0x00007fff550aa180:   00007fff550aa1f4 0000000000504a01
0x00007fff550aa190:   000000010ab70a00 0000000000000002
0x00007fff550aa1a0:   000000010ab6d000 00007f8c8976bb02
0x00007fff550aa1b0:   0000000000000003 000000010ab72800
0x00007fff550aa1c0:   00007fff550aa2b0 00007fff8c42c2a2
0x00007fff550aa1d0:   00007f8c89550d50 00007fff550aa398
0x00007fff550aa1e0:   0000000000000017 0000000000000000
0x00007fff550aa1f0:   00000000000f4268 00007fff8c5ddf83
0x00007fff550aa200:   00007fff00000000 00007f8c89557940 

Instructions: (pc=0x0000000124a3d3fd)
0x0000000124a3d3dd:   89 df 4c 89 f1 41 ff 90 68 04 00 00 48 8d 05 58
0x0000000124a3d3ed:   29 03 00 48 8b 30 48 8d 05 46 2a 03 00 48 8b 10
0x0000000124a3d3fd:   48 8b 0b 30 c0 48 89 df ff 91 68 04 00 00 48 8b
0x0000000124a3d40d:   03 48 89 df ff 50 78 48 85 c0 74 36 49 89 c6 48 

Register to memory mapping:

RAX=0x0000000124a6fe40: jScreenNotifySettingsChanged+0 in /Library/Java/JavaVirtualMachines/jdk1.8.0_20.jdk/Contents/Home/jre/lib/libglass.dylib at 0x0000000124a27000
RBX=0x0000000000000000 is an unknown value
RCX=0x4b007b343f0aabf6 is an unknown value
RDX=0x00007f8c8964d550 is an unknown value
RSP=0x00007fff550aa010 is an unknown value
RBP=0x00007fff550aa020 is an unknown value
RSI=0x00007f8c89701218 is a global jni handle
RDI=0x0000000000000000 is an unknown value
R8 =0x00007fff550a9ec0 is an unknown value
R9 =0x00007fff76ff5300: _thread+0 in /usr/lib/system/libsystem_pthread.dylib at 0x00007fff89855000
R10=0x0000000000000000 is an unknown value
R11=0x0000000000000246 is an unknown value
R12=0x00007f8c89432110 is an unknown value
R13=0x00000000000f4268 is an unknown value
R14=0x00007f8c895709d0 is an unknown value
R15=0x00007fff550aa160 is an unknown value


Stack: [0x00007fff548ad000,0x00007fff550ad000],  sp=0x00007fff550aa010,  free space=8180k
Native frames: (J=compiled Java code, j=interpreted, Vv=VM code, C=native code)
C  [libglass.dylib+0x163fd]  GlassScreenDidChangeScreenParameters+0x9d
C  [CoreFoundation+0x11ecbc]  __CFNOTIFICATIONCENTER_IS_CALLING_OUT_TO_AN_OBSERVER__+0xc
C  [CoreFoundation+0x101b4]  _CFXNotificationPost+0xc44
C  [Foundation+0x2ea1]  -[NSNotificationCenter postNotificationName:object:userInfo:]+0x42
C  [AppKit+0x362dee]  -[NSApplication _reactToScreenInvalidationImmediately:]+0x17b
C  [AppKit+0x362c2d]  __44-[NSApplication _reactToScreenInvalidation:]_block_invoke+0x4b
C  [CoreFoundation+0x8054c]  __CFRUNLOOP_IS_CALLING_OUT_TO_A_BLOCK__+0xc
C  [CoreFoundation+0x72655]  __CFRunLoopDoBlocks+0x155
C  [CoreFoundation+0x72196]  __CFRunLoopRun+0x716
C  [CoreFoundation+0x71838]  CFRunLoopRunSpecific+0x128
C  [java+0x56cc]  CreateExecutionEnvironment+0x367
C  [java+0x165c]  JLI_Launch+0x7a0
C  [java+0x768a]  main+0x65
C  [java+0xeb4]  start+0x34


---------------  P R O C E S S  ---------------

VM state:not at safepoint (normal execution)

VM Mutex/Monitor currently owned by a thread: None

Heap:
 PSYoungGen      total 38400K, used 14216K [0x0000000795580000, 0x0000000798000000, 0x00000007c0000000)
  eden space 33280K, 38% used [0x0000000795580000,0x0000000796222170,0x0000000797600000)
  from space 5120K, 25% used [0x0000000797600000,0x0000000797740000,0x0000000797b00000)
  to   space 5120K, 0% used [0x0000000797b00000,0x0000000797b00000,0x0000000798000000)
 ParOldGen       total 87552K, used 7271K [0x0000000740000000, 0x0000000745580000, 0x0000000795580000)
  object space 87552K, 8% used [0x0000000740000000,0x0000000740719fc8,0x0000000745580000)
 Metaspace       used 20773K, capacity 21910K, committed 22144K, reserved 1069056K
  class space    used 2894K, capacity 3134K, committed 3200K, reserved 1048576K

Card table byte_map: [0x000000011b9c0000,0x000000011bdc1000] byte_map_base: 0x0000000117fc0000

Marking Bits: (ParMarkBitMap*) 0x000000010b4ed330
 Begin Bits: [0x000000011c375000, 0x000000011e375000)
 End Bits:   [0x000000011e375000, 0x0000000120375000)

Polling page: 0x000000010bcc8000

CodeCache: size=245760Kb used=9514Kb max_used=10082Kb free=236246Kb
 bounds [0x000000010c600000, 0x000000010cfe0000, 0x000000011b600000]
 total_blobs=3650 nmethods=2992 adapters=571
 compilation: enabled

Compilation events (10 events):
Event: 1524.976 Thread 0x00007f8c8989b000 3276       3       java.lang.Character::digit (6 bytes)
Event: 1524.977 Thread 0x00007f8c8989b000 nmethod 3276 0x000000010c72e450 code [0x000000010c72e5e0, 0x000000010c72e878]
Event: 1524.978 Thread 0x00007f8c8989b000 3277       3       java.lang.Character::digit (10 bytes)
Event: 1524.978 Thread 0x00007f8c8989b000 nmethod 3277 0x000000010c730990 code [0x000000010c730b00, 0x000000010c730d38]
Event: 1524.979 Thread 0x00007f8c8989b000 3278       3       java.lang.Long::longValue (5 bytes)
Event: 1524.979 Thread 0x00007f8c8989b000 nmethod 3278 0x000000010c967850 code [0x000000010c9679a0, 0x000000010c967af0]
Event: 1525.146 Thread 0x00007f8c8a00e800 3279       4       java.lang.ref.WeakReference::<init> (7 bytes)
Event: 1525.147 Thread 0x00007f8c8989b000 3280       3       java.io.ObjectStreamClass::forClass (48 bytes)
Event: 1525.148 Thread 0x00007f8c8a00e800 nmethod 3279 0x000000010c9cc1d0 code [0x000000010c9cc320, 0x000000010c9cc3d8]
Event: 1525.149 Thread 0x00007f8c8989b000 nmethod 3280 0x000000010c999cd0 code [0x000000010c99a020, 0x000000010c99bbd8]

GC Heap History (8 events):
Event: 1.671 GC heap before
{Heap before GC invocations=1 (full 0):
 PSYoungGen      total 38400K, used 33280K [0x0000000795580000, 0x0000000798000000, 0x00000007c0000000)
  eden space 33280K, 100% used [0x0000000795580000,0x0000000797600000,0x0000000797600000)
  from space 5120K, 0% used [0x0000000797b00000,0x0000000797b00000,0x0000000798000000)
  to   space 5120K, 0% used [0x0000000797600000,0x0000000797600000,0x0000000797b00000)
 ParOldGen       total 87552K, used 0K [0x0000000740000000, 0x0000000745580000, 0x0000000795580000)
  object space 87552K, 0% used [0x0000000740000000,0x0000000740000000,0x0000000745580000)
 Metaspace       used 14482K, capacity 15062K, committed 15232K, reserved 1062912K
  class space    used 2033K, capacity 2169K, committed 2176K, reserved 1048576K
Event: 1.682 GC heap after
Heap after GC invocations=1 (full 0):
 PSYoungGen      total 38400K, used 4752K [0x0000000795580000, 0x0000000798000000, 0x00000007c0000000)
  eden space 33280K, 0% used [0x0000000795580000,0x0000000795580000,0x0000000797600000)
  from space 5120K, 92% used [0x0000000797600000,0x0000000797aa4050,0x0000000797b00000)
  to   space 5120K, 0% used [0x0000000797b00000,0x0000000797b00000,0x0000000798000000)
 ParOldGen       total 87552K, used 80K [0x0000000740000000, 0x0000000745580000, 0x0000000795580000)
  object space 87552K, 0% used [0x0000000740000000,0x0000000740014010,0x0000000745580000)
 Metaspace       used 14482K, capacity 15062K, committed 15232K, reserved 1062912K
  class space    used 2033K, capacity 2169K, committed 2176K, reserved 1048576K
}
Event: 8.162 GC heap before
{Heap before GC invocations=2 (full 0):
 PSYoungGen      total 38400K, used 15314K [0x0000000795580000, 0x0000000798000000, 0x00000007c0000000)
  eden space 33280K, 31% used [0x0000000795580000,0x0000000795fd0ac0,0x0000000797600000)
  from space 5120K, 92% used [0x0000000797600000,0x0000000797aa4050,0x0000000797b00000)
  to   space 5120K, 0% used [0x0000000797b00000,0x0000000797b00000,0x0000000798000000)
 ParOldGen       total 87552K, used 80K [0x0000000740000000, 0x0000000745580000, 0x0000000795580000)
  object space 87552K, 0% used [0x0000000740000000,0x0000000740014010,0x0000000745580000)
 Metaspace       used 17668K, capacity 18470K, committed 18560K, reserved 1064960K
  class space    used 2475K, capacity 2656K, committed 2688K, reserved 1048576K
Event: 8.175 GC heap after
Heap after GC invocations=2 (full 0):
 PSYoungGen      total 38400K, used 5106K [0x0000000795580000, 0x0000000798000000, 0x00000007c0000000)
  eden space 33280K, 0% used [0x0000000795580000,0x0000000795580000,0x0000000797600000)
  from space 5120K, 99% used [0x0000000797b00000,0x0000000797ffcaa0,0x0000000798000000)
  to   space 5120K, 0% used [0x0000000797600000,0x0000000797600000,0x0000000797b00000)
 ParOldGen       total 87552K, used 4131K [0x0000000740000000, 0x0000000745580000, 0x0000000795580000)
  object space 87552K, 4% used [0x0000000740000000,0x0000000740408c80,0x0000000745580000)
 Metaspace       used 17668K, capacity 18470K, committed 18560K, reserved 1064960K
  class space    used 2475K, capacity 2656K, committed 2688K, reserved 1048576K
}
Event: 8.175 GC heap before
{Heap before GC invocations=3 (full 1):
 PSYoungGen      total 38400K, used 5106K [0x0000000795580000, 0x0000000798000000, 0x00000007c0000000)
  eden space 33280K, 0% used [0x0000000795580000,0x0000000795580000,0x0000000797600000)
  from space 5120K, 99% used [0x0000000797b00000,0x0000000797ffcaa0,0x0000000798000000)
  to   space 5120K, 0% used [0x0000000797600000,0x0000000797600000,0x0000000797b00000)
 ParOldGen       total 87552K, used 4131K [0x0000000740000000, 0x0000000745580000, 0x0000000795580000)
  object space 87552K, 4% used [0x0000000740000000,0x0000000740408c80,0x0000000745580000)
 Metaspace       used 17668K, capacity 18470K, committed 18560K, reserved 1064960K
  class space    used 2475K, capacity 2656K, committed 2688K, reserved 1048576K
Event: 8.224 GC heap after
Heap after GC invocations=3 (full 1):
 PSYoungGen      total 38400K, used 0K [0x0000000795580000, 0x0000000798000000, 0x00000007c0000000)
  eden space 33280K, 0% used [0x0000000795580000,0x0000000795580000,0x0000000797600000)
  from space 5120K, 0% used [0x0000000797b00000,0x0000000797b00000,0x0000000798000000)
  to   space 5120K, 0% used [0x0000000797600000,0x0000000797600000,0x0000000797b00000)
 ParOldGen       total 87552K, used 7263K [0x0000000740000000, 0x0000000745580000, 0x0000000795580000)
  object space 87552K, 8% used [0x0000000740000000,0x0000000740717fc8,0x0000000745580000)
 Metaspace       used 17666K, capacity 18468K, committed 18560K, reserved 1064960K
  class space    used 2475K, capacity 2655K, committed 2688K, reserved 1048576K
}
Event: 25.042 GC heap before
{Heap before GC invocations=4 (full 1):
 PSYoungGen      total 38400K, used 33280K [0x0000000795580000, 0x0000000798000000, 0x00000007c0000000)
  eden space 33280K, 100% used [0x0000000795580000,0x0000000797600000,0x0000000797600000)
  from space 5120K, 0% used [0x0000000797b00000,0x0000000797b00000,0x0000000798000000)
  to   space 5120K, 0% used [0x0000000797600000,0x0000000797600000,0x0000000797b00000)
 ParOldGen       total 87552K, used 7263K [0x0000000740000000, 0x0000000745580000, 0x0000000795580000)
  object space 87552K, 8% used [0x0000000740000000,0x0000000740717fc8,0x0000000745580000)
 Metaspace       used 20410K, capacity 21538K, committed 21632K, reserved 1067008K
  class space    used 2874K, capacity 3124K, committed 3200K, reserved 1048576K
Event: 25.047 GC heap after
Heap after GC invocations=4 (full 1):
 PSYoungGen      total 38400K, used 1280K [0x0000000795580000, 0x0000000798000000, 0x00000007c0000000)
  eden space 33280K, 0% used [0x0000000795580000,0x0000000795580000,0x0000000797600000)
  from space 5120K, 25% used [0x0000000797600000,0x0000000797740000,0x0000000797b00000)
  to   space 5120K, 0% used [0x0000000797b00000,0x0000000797b00000,0x0000000798000000)
 ParOldGen       total 87552K, used 7271K [0x0000000740000000, 0x0000000745580000, 0x0000000795580000)
  object space 87552K, 8% used [0x0000000740000000,0x0000000740719fc8,0x0000000745580000)
 Metaspace       used 20410K, capacity 21538K, committed 21632K, reserved 1067008K
  class space    used 2874K, capacity 3124K, committed 3200K, reserved 1048576K
}

Deoptimization events (10 events):
Event: 24.965 Thread 0x00007f8c8a193000 Uncommon trap: reason=bimorphic action=maybe_recompile pc=0x000000010cbac488 method=java.util.HashMap.putVal(ILjava/lang/Object;Ljava/lang/Object;ZZ)Ljava/lang/Object; @ 203
Event: 24.969 Thread 0x00007f8c8a193000 Uncommon trap: reason=class_check action=maybe_recompile pc=0x000000010cc7f304 method=java.util.WeakHashMap.eq(Ljava/lang/Object;Ljava/lang/Object;)Z @ 7
Event: 25.067 Thread 0x00007f8c8a193000 Uncommon trap: reason=class_check action=maybe_recompile pc=0x000000010cc4b8c4 method=javafx.scene.CssStyleHelper.lookup(Ljavafx/css/Styleable;Ljavafx/css/CssMetaData;Lcom/sun/javafx/css/StyleMap;Ljava/util/Set;Ljavafx/css/Styleable;Lcom/sun/javafx/css/Ca
Event: 25.100 Thread 0x00007f8c8a193000 Uncommon trap: reason=array_check action=maybe_recompile pc=0x000000010cf32dec method=com.sun.javafx.css.CompoundSelector.applies(Ljavafx/css/Styleable;[Ljava/util/Set;I)Z @ 128
Event: 25.100 Thread 0x00007f8c8a193000 Uncommon trap: reason=array_check action=maybe_recompile pc=0x000000010cf32dec method=com.sun.javafx.css.CompoundSelector.applies(Ljavafx/css/Styleable;[Ljava/util/Set;I)Z @ 128
Event: 25.102 Thread 0x00007f8c8a193000 Uncommon trap: reason=array_check action=maybe_recompile pc=0x000000010cf32dec method=com.sun.javafx.css.CompoundSelector.applies(Ljavafx/css/Styleable;[Ljava/util/Set;I)Z @ 128
Event: 25.102 Thread 0x00007f8c8a193000 Uncommon trap: reason=array_check action=maybe_recompile pc=0x000000010cf32dec method=com.sun.javafx.css.CompoundSelector.applies(Ljavafx/css/Styleable;[Ljava/util/Set;I)Z @ 128
Event: 25.160 Thread 0x00007f8c8a193000 Uncommon trap: reason=class_check action=maybe_recompile pc=0x000000010cc4b8c4 method=javafx.scene.CssStyleHelper.lookup(Ljavafx/css/Styleable;Ljavafx/css/CssMetaData;Lcom/sun/javafx/css/StyleMap;Ljava/util/Set;Ljavafx/css/Styleable;Lcom/sun/javafx/css/Ca
Event: 30.708 Thread 0x00007f8c8a193000 Uncommon trap: reason=class_check action=maybe_recompile pc=0x000000010cc4b8c4 method=javafx.scene.CssStyleHelper.lookup(Ljavafx/css/Styleable;Ljavafx/css/CssMetaData;Lcom/sun/javafx/css/StyleMap;Ljava/util/Set;Ljavafx/css/Styleable;Lcom/sun/javafx/css/Ca
Event: 31.141 Thread 0x00007f8c8a193000 Uncommon trap: reason=class_check action=maybe_recompile pc=0x000000010cc4b8c4 method=javafx.scene.CssStyleHelper.lookup(Ljavafx/css/Styleable;Ljavafx/css/CssMetaData;Lcom/sun/javafx/css/StyleMap;Ljava/util/Set;Ljavafx/css/Styleable;Lcom/sun/javafx/css/Ca

Internal exceptions (10 events):
Event: 31.271 Thread 0x00007f8c8a193000 Exception <a 'java/security/PrivilegedActionException'> (0x0000000795f2beb8) thrown at [/HUDSON3/workspace/8-2-build-macosx-x86_64/jdk8u20/1074/hotspot/src/share/vm/prims/jvm.cpp, line 1275]
Event: 31.271 Thread 0x00007f8c8a193000 Exception <a 'java/security/PrivilegedActionException'> (0x0000000795f2dca8) thrown at [/HUDSON3/workspace/8-2-build-macosx-x86_64/jdk8u20/1074/hotspot/src/share/vm/prims/jvm.cpp, line 1275]
Event: 31.271 Thread 0x00007f8c8a193000 Exception <a 'java/security/PrivilegedActionException'> (0x0000000795f2f448) thrown at [/HUDSON3/workspace/8-2-build-macosx-x86_64/jdk8u20/1074/hotspot/src/share/vm/prims/jvm.cpp, line 1275]
Event: 31.271 Thread 0x00007f8c8a193000 Exception <a 'java/security/PrivilegedActionException'> (0x0000000795f30f80) thrown at [/HUDSON3/workspace/8-2-build-macosx-x86_64/jdk8u20/1074/hotspot/src/share/vm/prims/jvm.cpp, line 1275]
Event: 31.272 Thread 0x00007f8c8a193000 Exception <a 'java/security/PrivilegedActionException'> (0x0000000795f326e0) thrown at [/HUDSON3/workspace/8-2-build-macosx-x86_64/jdk8u20/1074/hotspot/src/share/vm/prims/jvm.cpp, line 1275]
Event: 31.272 Thread 0x00007f8c8a193000 Exception <a 'java/security/PrivilegedActionException'> (0x0000000795f34218) thrown at [/HUDSON3/workspace/8-2-build-macosx-x86_64/jdk8u20/1074/hotspot/src/share/vm/prims/jvm.cpp, line 1275]
Event: 31.272 Thread 0x00007f8c8a193000 Exception <a 'java/security/PrivilegedActionException'> (0x0000000795f359b8) thrown at [/HUDSON3/workspace/8-2-build-macosx-x86_64/jdk8u20/1074/hotspot/src/share/vm/prims/jvm.cpp, line 1275]
Event: 31.272 Thread 0x00007f8c8a193000 Exception <a 'java/security/PrivilegedActionException'> (0x0000000795f374f0) thrown at [/HUDSON3/workspace/8-2-build-macosx-x86_64/jdk8u20/1074/hotspot/src/share/vm/prims/jvm.cpp, line 1275]
Event: 31.272 Thread 0x00007f8c8a193000 Exception <a 'java/security/PrivilegedActionException'> (0x0000000795f542c0) thrown at [/HUDSON3/workspace/8-2-build-macosx-x86_64/jdk8u20/1074/hotspot/src/share/vm/prims/jvm.cpp, line 1275]
Event: 31.272 Thread 0x00007f8c8a193000 Exception <a 'java/security/PrivilegedActionException'> (0x0000000795f55f08) thrown at [/HUDSON3/workspace/8-2-build-macosx-x86_64/jdk8u20/1074/hotspot/src/share/vm/prims/jvm.cpp, line 1275]

Events (10 events):
Event: 1525.149 Thread 0x00007f8c8a00e800 flushing nmethod 0x000000010cb4d390
Event: 1525.149 Thread 0x00007f8c8a00e800 flushing nmethod 0x000000010cb4e650
Event: 1525.149 Thread 0x00007f8c8a00e800 flushing nmethod 0x000000010cb58790
Event: 1525.149 Thread 0x00007f8c8989b000 flushing nmethod 0x000000010cb710d0
Event: 1525.149 Thread 0x00007f8c8989b000 flushing nmethod 0x000000010cba85d0
Event: 1539.984 Executing VM operation: RevokeBias
Event: 1539.984 Executing VM operation: RevokeBias done
Event: 1539.984 Executing VM operation: BulkRevokeBias
Event: 1539.984 Executing VM operation: BulkRevokeBias done
Event: 1600.152 Thread 0x00007f8c8b049000 Thread exited: 0x00007f8c8b049000


Dynamic libraries:
0x0000000006827000 	/System/Library/Frameworks/Cocoa.framework/Versions/A/Cocoa
0x0000000006827000 	/System/Library/Frameworks/Security.framework/Versions/A/Security
0x0000000006827000 	/System/Library/Frameworks/ApplicationServices.framework/Versions/A/ApplicationServices
0x0000000006827000 	/usr/lib/libz.1.dylib
0x0000000006827000 	/usr/lib/libSystem.B.dylib
0x0000000006827000 	/usr/lib/libobjc.A.dylib
0x0000000006827000 	/System/Library/Frameworks/CoreFoundation.framework/Versions/A/CoreFoundation
0x0000000006827000 	/System/Library/Frameworks/Foundation.framework/Versions/C/Foundation
0x0000000006827000 	/System/Library/Frameworks/AppKit.framework/Versions/C/AppKit
0x0000000006827000 	/System/Library/Frameworks/CoreData.framework/Versions/A/CoreData
0x0000000006827000 	/System/Library/PrivateFrameworks/RemoteViewServices.framework/Versions/A/RemoteViewServices
0x0000000006827000 	/System/Library/PrivateFrameworks/UIFoundation.framework/Versions/A/UIFoundation
0x0000000006827000 	/System/Library/Frameworks/IOSurface.framework/Versions/A/IOSurface
0x0000000006827000 	/System/Library/Frameworks/AudioToolbox.framework/Versions/A/AudioToolbox
0x0000000006827000 	/System/Library/Frameworks/AudioUnit.framework/Versions/A/AudioUnit
0x0000000006827000 	/System/Library/PrivateFrameworks/DataDetectorsCore.framework/Versions/A/DataDetectorsCore
0x0000000006827000 	/System/Library/PrivateFrameworks/DesktopServicesPriv.framework/Versions/A/DesktopServicesPriv
0x0000000006827000 	/System/Library/Frameworks/Carbon.framework/Versions/A/Frameworks/HIToolbox.framework/Versions/A/HIToolbox
0x0000000006827000 	/System/Library/Frameworks/QuartzCore.framework/Versions/A/QuartzCore
0x0000000006827000 	/System/Library/Frameworks/Carbon.framework/Versions/A/Frameworks/SpeechRecognition.framework/Versions/A/SpeechRecognition
0x0000000006827000 	/usr/lib/libauto.dylib
0x0000000006827000 	/usr/lib/libicucore.A.dylib
0x0000000006827000 	/usr/lib/libxml2.2.dylib
0x0000000006827000 	/System/Library/PrivateFrameworks/CoreUI.framework/Versions/A/CoreUI
0x0000000006827000 	/System/Library/Frameworks/CoreAudio.framework/Versions/A/CoreAudio
0x0000000006827000 	/System/Library/Frameworks/DiskArbitration.framework/Versions/A/DiskArbitration
0x0000000006827000 	/usr/lib/liblangid.dylib
0x0000000006827000 	/System/Library/PrivateFrameworks/MultitouchSupport.framework/Versions/A/MultitouchSupport
0x0000000006827000 	/System/Library/Frameworks/IOKit.framework/Versions/A/IOKit
0x0000000006827000 	/usr/lib/libDiagnosticMessagesClient.dylib
0x0000000006827000 	/System/Library/Frameworks/CoreServices.framework/Versions/A/CoreServices
0x0000000006827000 	/System/Library/PrivateFrameworks/PerformanceAnalysis.framework/Versions/A/PerformanceAnalysis
0x0000000006827000 	/System/Library/PrivateFrameworks/GenerationalStorage.framework/Versions/A/GenerationalStorage
0x0000000006827000 	/System/Library/Frameworks/OpenGL.framework/Versions/A/OpenGL
0x0000000006827000 	/System/Library/PrivateFrameworks/Sharing.framework/Versions/A/Sharing
0x0000000006827000 	/System/Library/Frameworks/CoreGraphics.framework/Versions/A/CoreGraphics
0x0000000006827000 	/System/Library/Frameworks/CoreText.framework/Versions/A/CoreText
0x0000000006827000 	/System/Library/Frameworks/ImageIO.framework/Versions/A/ImageIO
0x0000000006827000 	/usr/lib/libextension.dylib
0x0000000006827000 	/System/Library/PrivateFrameworks/Backup.framework/Versions/A/Backup
0x0000000006827000 	/usr/lib/libarchive.2.dylib
0x0000000006827000 	/System/Library/Frameworks/CFNetwork.framework/Versions/A/CFNetwork
0x0000000006827000 	/System/Library/Frameworks/SystemConfiguration.framework/Versions/A/SystemConfiguration
0x0000000006827000 	/usr/lib/libCRFSuite.dylib
0x0000000006827000 	/usr/lib/libc++.1.dylib
0x0000000006827000 	/usr/lib/libc++abi.dylib
0x0000000006827000 	/usr/lib/system/libcache.dylib
0x0000000006827000 	/usr/lib/system/libcommonCrypto.dylib
0x0000000006827000 	/usr/lib/system/libcompiler_rt.dylib
0x0000000006827000 	/usr/lib/system/libcopyfile.dylib
0x0000000006827000 	/usr/lib/system/libcorecrypto.dylib
0x0000000006827000 	/usr/lib/system/libdispatch.dylib
0x0000000006827000 	/usr/lib/system/libdyld.dylib
0x0000000006827000 	/usr/lib/system/libkeymgr.dylib
0x0000000006827000 	/usr/lib/system/liblaunch.dylib
0x0000000006827000 	/usr/lib/system/libmacho.dylib
0x0000000006827000 	/usr/lib/system/libquarantine.dylib
0x0000000006827000 	/usr/lib/system/libremovefile.dylib
0x0000000006827000 	/usr/lib/system/libsystem_asl.dylib
0x0000000006827000 	/usr/lib/system/libsystem_blocks.dylib
0x0000000006827000 	/usr/lib/system/libsystem_c.dylib
0x0000000006827000 	/usr/lib/system/libsystem_configuration.dylib
0x0000000006827000 	/usr/lib/system/libsystem_coreservices.dylib
0x0000000006827000 	/usr/lib/system/libsystem_coretls.dylib
0x0000000006827000 	/usr/lib/system/libsystem_dnssd.dylib
0x0000000006827000 	/usr/lib/system/libsystem_info.dylib
0x0000000006827000 	/usr/lib/system/libsystem_kernel.dylib
0x0000000006827000 	/usr/lib/system/libsystem_m.dylib
0x0000000006827000 	/usr/lib/system/libsystem_malloc.dylib
0x0000000006827000 	/usr/lib/system/libsystem_network.dylib
0x0000000006827000 	/usr/lib/system/libsystem_networkextension.dylib
0x0000000006827000 	/usr/lib/system/libsystem_notify.dylib
0x0000000006827000 	/usr/lib/system/libsystem_platform.dylib
0x0000000006827000 	/usr/lib/system/libsystem_pthread.dylib
0x0000000006827000 	/usr/lib/system/libsystem_sandbox.dylib
0x0000000006827000 	/usr/lib/system/libsystem_secinit.dylib
0x0000000006827000 	/usr/lib/system/libsystem_stats.dylib
0x0000000006827000 	/usr/lib/system/libsystem_trace.dylib
0x0000000006827000 	/usr/lib/system/libunc.dylib
0x0000000006827000 	/usr/lib/system/libunwind.dylib
0x0000000006827000 	/usr/lib/system/libxpc.dylib
0x0000000006827000 	/usr/lib/libbz2.1.0.dylib
0x0000000006827000 	/usr/lib/liblzma.5.dylib
0x0000000006827000 	/usr/lib/libbsm.0.dylib
0x0000000006827000 	/usr/lib/libsqlite3.dylib
0x0000000006827000 	/usr/lib/system/libkxld.dylib
0x0000000006827000 	/usr/lib/libxar.1.dylib
0x0000000006827000 	/usr/lib/libpam.2.dylib
0x0000000006827000 	/usr/lib/libOpenScriptingUtil.dylib
0x0000000006827000 	/System/Library/Frameworks/CoreServices.framework/Versions/A/Frameworks/FSEvents.framework/Versions/A/FSEvents
0x0000000006827000 	/System/Library/Frameworks/CoreServices.framework/Versions/A/Frameworks/CarbonCore.framework/Versions/A/CarbonCore
0x0000000006827000 	/System/Library/Frameworks/CoreServices.framework/Versions/A/Frameworks/Metadata.framework/Versions/A/Metadata
0x0000000006827000 	/System/Library/Frameworks/CoreServices.framework/Versions/A/Frameworks/OSServices.framework/Versions/A/OSServices
0x0000000006827000 	/System/Library/Frameworks/CoreServices.framework/Versions/A/Frameworks/SearchKit.framework/Versions/A/SearchKit
0x0000000006827000 	/System/Library/Frameworks/CoreServices.framework/Versions/A/Frameworks/AE.framework/Versions/A/AE
0x0000000006827000 	/System/Library/Frameworks/CoreServices.framework/Versions/A/Frameworks/LaunchServices.framework/Versions/A/LaunchServices
0x0000000006827000 	/System/Library/Frameworks/CoreServices.framework/Versions/A/Frameworks/DictionaryServices.framework/Versions/A/DictionaryServices
0x0000000006827000 	/System/Library/Frameworks/NetFS.framework/Versions/A/NetFS
0x0000000006827000 	/System/Library/PrivateFrameworks/NetAuth.framework/Versions/A/NetAuth
0x0000000006827000 	/System/Library/PrivateFrameworks/login.framework/Versions/A/Frameworks/loginsupport.framework/Versions/A/loginsupport
0x0000000006827000 	/System/Library/PrivateFrameworks/TCC.framework/Versions/A/TCC
0x0000000006827000 	/usr/lib/libmecabra.dylib
0x0000000006827000 	/System/Library/PrivateFrameworks/LanguageModeling.framework/Versions/A/LanguageModeling
0x0000000006827000 	/usr/lib/libcmph.dylib
0x0000000006827000 	/usr/lib/libiconv.2.dylib
0x0000000006827000 	/System/Library/Frameworks/OpenDirectory.framework/Versions/A/Frameworks/CFOpenDirectory.framework/Versions/A/CFOpenDirectory
0x0000000006827000 	/System/Library/Frameworks/ServiceManagement.framework/Versions/A/ServiceManagement
0x0000000006827000 	/usr/lib/libxslt.1.dylib
0x0000000006827000 	/System/Library/Frameworks/Carbon.framework/Versions/A/Frameworks/Ink.framework/Versions/A/Ink
0x0000000006827000 	/System/Library/Frameworks/ApplicationServices.framework/Versions/A/Frameworks/ATS.framework/Versions/A/ATS
0x0000000006827000 	/System/Library/Frameworks/ApplicationServices.framework/Versions/A/Frameworks/ColorSync.framework/Versions/A/ColorSync
0x0000000006827000 	/System/Library/Frameworks/ApplicationServices.framework/Versions/A/Frameworks/HIServices.framework/Versions/A/HIServices
0x0000000006827000 	/System/Library/Frameworks/ApplicationServices.framework/Versions/A/Frameworks/LangAnalysis.framework/Versions/A/LangAnalysis
0x0000000006827000 	/System/Library/Frameworks/ApplicationServices.framework/Versions/A/Frameworks/PrintCore.framework/Versions/A/PrintCore
0x0000000006827000 	/System/Library/Frameworks/ApplicationServices.framework/Versions/A/Frameworks/QD.framework/Versions/A/QD
0x0000000006827000 	/System/Library/Frameworks/ApplicationServices.framework/Versions/A/Frameworks/SpeechSynthesis.framework/Versions/A/SpeechSynthesis
0x0000000006827000 	/System/Library/Frameworks/Accelerate.framework/Versions/A/Accelerate
0x0000000006827000 	/System/Library/Frameworks/Accelerate.framework/Versions/A/Frameworks/vImage.framework/Versions/A/vImage
0x0000000006827000 	/System/Library/Frameworks/Accelerate.framework/Versions/A/Frameworks/vecLib.framework/Versions/A/vecLib
0x0000000006827000 	/System/Library/Frameworks/Accelerate.framework/Versions/A/Frameworks/vecLib.framework/Versions/A/libvDSP.dylib
0x0000000006827000 	/System/Library/Frameworks/Accelerate.framework/Versions/A/Frameworks/vecLib.framework/Versions/A/libvMisc.dylib
0x0000000006827000 	/System/Library/Frameworks/Accelerate.framework/Versions/A/Frameworks/vecLib.framework/Versions/A/libLAPACK.dylib
0x0000000006827000 	/System/Library/Frameworks/Accelerate.framework/Versions/A/Frameworks/vecLib.framework/Versions/A/libBLAS.dylib
0x0000000006827000 	/System/Library/Frameworks/Accelerate.framework/Versions/A/Frameworks/vecLib.framework/Versions/A/libLinearAlgebra.dylib
0x0000000006827000 	/System/Library/Frameworks/ApplicationServices.framework/Versions/A/Frameworks/ATS.framework/Versions/A/Resources/libFontParser.dylib
0x0000000006827000 	/System/Library/Frameworks/ApplicationServices.framework/Versions/A/Frameworks/ATS.framework/Versions/A/Resources/libFontRegistry.dylib
0x0000000006827000 	/System/Library/PrivateFrameworks/AppleVPA.framework/Versions/A/AppleVPA
0x0000000006827000 	/System/Library/PrivateFrameworks/AppleJPEG.framework/Versions/A/AppleJPEG
0x0000000006827000 	/System/Library/Frameworks/ImageIO.framework/Versions/A/Resources/libJPEG.dylib
0x0000000006827000 	/System/Library/Frameworks/ImageIO.framework/Versions/A/Resources/libTIFF.dylib
0x0000000006827000 	/System/Library/Frameworks/ImageIO.framework/Versions/A/Resources/libPng.dylib
0x0000000006827000 	/System/Library/Frameworks/ImageIO.framework/Versions/A/Resources/libGIF.dylib
0x0000000006827000 	/System/Library/Frameworks/ImageIO.framework/Versions/A/Resources/libJP2.dylib
0x0000000006827000 	/System/Library/Frameworks/ImageIO.framework/Versions/A/Resources/libRadiance.dylib
0x0000000006827000 	/System/Library/Frameworks/CoreVideo.framework/Versions/A/CoreVideo
0x0000000006827000 	/System/Library/Frameworks/OpenGL.framework/Versions/A/Libraries/libGLU.dylib
0x0000000006827000 	/System/Library/Frameworks/OpenGL.framework/Versions/A/Libraries/libGFXShared.dylib
0x0000000006827000 	/System/Library/Frameworks/OpenGL.framework/Versions/A/Libraries/libGL.dylib
0x0000000006827000 	/System/Library/Frameworks/OpenGL.framework/Versions/A/Libraries/libGLImage.dylib
0x0000000006827000 	/System/Library/Frameworks/OpenGL.framework/Versions/A/Libraries/libCVMSPluginSupport.dylib
0x0000000006827000 	/System/Library/Frameworks/OpenGL.framework/Versions/A/Libraries/libCoreVMClient.dylib
0x0000000006827000 	/usr/lib/libcups.2.dylib
0x0000000006827000 	/System/Library/Frameworks/Kerberos.framework/Versions/A/Kerberos
0x0000000006827000 	/System/Library/Frameworks/GSS.framework/Versions/A/GSS
0x0000000006827000 	/usr/lib/libresolv.9.dylib
0x0000000006827000 	/System/Library/PrivateFrameworks/Heimdal.framework/Versions/A/Heimdal
0x0000000006827000 	/usr/lib/libheimdal-asn1.dylib
0x0000000006827000 	/System/Library/Frameworks/OpenDirectory.framework/Versions/A/OpenDirectory
0x0000000006827000 	/System/Library/PrivateFrameworks/CommonAuth.framework/Versions/A/CommonAuth
0x0000000006827000 	/System/Library/Frameworks/SecurityFoundation.framework/Versions/A/SecurityFoundation
0x0000000006827000 	/System/Library/Frameworks/QuartzCore.framework/Versions/A/Frameworks/CoreImage.framework/Versions/A/CoreImage
0x0000000006827000 	/System/Library/PrivateFrameworks/CrashReporterSupport.framework/Versions/A/CrashReporterSupport
0x0000000006827000 	/System/Library/Frameworks/OpenCL.framework/Versions/A/OpenCL
0x0000000006827000 	/System/Library/PrivateFrameworks/FaceCore.framework/Versions/A/FaceCore
0x0000000006827000 	/System/Library/PrivateFrameworks/Ubiquity.framework/Versions/A/Ubiquity
0x0000000006827000 	/System/Library/PrivateFrameworks/IconServices.framework/Versions/A/IconServices
0x0000000006827000 	/System/Library/PrivateFrameworks/ChunkingLibrary.framework/Versions/A/ChunkingLibrary
0x0000000006827000 	/System/Library/PrivateFrameworks/Apple80211.framework/Versions/A/Apple80211
0x0000000006827000 	/System/Library/Frameworks/CoreWLAN.framework/Versions/A/CoreWLAN
0x0000000006827000 	/System/Library/Frameworks/IOBluetooth.framework/Versions/A/IOBluetooth
0x0000000006827000 	/System/Library/PrivateFrameworks/CoreWiFi.framework/Versions/A/CoreWiFi
0x0000000006827000 	/System/Library/Frameworks/CoreBluetooth.framework/Versions/A/CoreBluetooth
0x0000000006827000 	/System/Library/PrivateFrameworks/DebugSymbols.framework/Versions/A/DebugSymbols
0x0000000006827000 	/System/Library/PrivateFrameworks/CoreSymbolication.framework/Versions/A/CoreSymbolication
0x0000000006827000 	/System/Library/PrivateFrameworks/Symbolication.framework/Versions/A/Symbolication
0x0000000006827000 	/System/Library/PrivateFrameworks/SpeechRecognitionCore.framework/Versions/A/SpeechRecognitionCore
0x000000010ac51000 	/Library/Java/JavaVirtualMachines/jdk1.8.0_20.jdk/Contents/Home/jre/lib/server/libjvm.dylib
0x0000000006827000 	/usr/lib/libstdc++.6.dylib
0x000000010bc86000 	/Library/Java/JavaVirtualMachines/jdk1.8.0_20.jdk/Contents/Home/jre/lib/libverify.dylib
0x000000010bc94000 	/Library/Java/JavaVirtualMachines/jdk1.8.0_20.jdk/Contents/Home/jre/lib/libjava.dylib
0x000000010bcd2000 	/Library/Java/JavaVirtualMachines/jdk1.8.0_20.jdk/Contents/Home/jre/lib/libzip.dylib
0x0000000122551000 	/System/Library/Frameworks/JavaVM.framework/Frameworks/JavaRuntimeSupport.framework/JavaRuntimeSupport
0x0000000122569000 	/System/Library/Frameworks/JavaVM.framework/Versions/A/Frameworks/JavaNativeFoundation.framework/Versions/A/JavaNativeFoundation
0x000000012257e000 	/System/Library/Frameworks/JavaVM.framework/Versions/A/JavaVM
0x0000000006827000 	/System/Library/Frameworks/Carbon.framework/Versions/A/Carbon
0x000000012258b000 	/System/Library/PrivateFrameworks/JavaLaunching.framework/Versions/A/JavaLaunching
0x0000000006827000 	/System/Library/Frameworks/Carbon.framework/Versions/A/Frameworks/CommonPanels.framework/Versions/A/CommonPanels
0x0000000006827000 	/System/Library/Frameworks/Carbon.framework/Versions/A/Frameworks/Help.framework/Versions/A/Help
0x0000000006827000 	/System/Library/Frameworks/Carbon.framework/Versions/A/Frameworks/ImageCapture.framework/Versions/A/ImageCapture
0x0000000006827000 	/System/Library/Frameworks/Carbon.framework/Versions/A/Frameworks/OpenScripting.framework/Versions/A/OpenScripting
0x0000000006827000 	/System/Library/Frameworks/Carbon.framework/Versions/A/Frameworks/Print.framework/Versions/A/Print
0x0000000006827000 	/System/Library/Frameworks/Carbon.framework/Versions/A/Frameworks/SecurityHI.framework/Versions/A/SecurityHI
0x000000012457a000 	/Library/Java/JavaVirtualMachines/jdk1.8.0_20.jdk/Contents/Home/jre/lib/libprism_es2.dylib
0x0000000006827000 	/System/Library/Frameworks/OpenGL.framework/Versions/A/Resources/GLEngine.bundle/GLEngine
0x0000000006827000 	/System/Library/Frameworks/OpenGL.framework/Versions/A/Libraries/libGLProgrammability.dylib
0x0000000000000000 	/System/Library/Extensions/AppleIntelHD5000GraphicsGLDriver.bundle/Contents/MacOS/AppleIntelHD5000GraphicsGLDriver
0x0000000006827000 	/System/Library/PrivateFrameworks/IOAccelerator.framework/Versions/A/IOAccelerator
0x0000000006827000 	/System/Library/PrivateFrameworks/GPUSupport.framework/Versions/A/Libraries/libGPUSupportMercury.dylib
0x0000000006827000 	/System/Library/Frameworks/OpenGL.framework/Versions/A/Resources/GLRendererFloat.bundle/GLRendererFloat
0x0000000006827000 	/System/Library/Frameworks/OpenCL.framework/Versions/A/Libraries/libcldcpuengine.dylib
0x0000000006827000 	/System/Library/PrivateFrameworks/DiskImages.framework/Versions/A/DiskImages
0x0000000006827000 	/System/Library/Frameworks/DiscRecording.framework/Versions/A/DiscRecording
0x0000000006827000 	/usr/lib/libcsfde.dylib
0x0000000006827000 	/usr/lib/libcurl.4.dylib
0x0000000006827000 	/System/Library/PrivateFrameworks/MediaKit.framework/Versions/A/MediaKit
0x0000000006827000 	/System/Library/PrivateFrameworks/ProtectedCloudStorage.framework/Versions/A/ProtectedCloudStorage
0x0000000006827000 	/usr/lib/libCoreStorage.dylib
0x0000000006827000 	/System/Library/PrivateFrameworks/EFILogin.framework/Versions/A/EFILogin
0x0000000006827000 	/usr/lib/libutil.dylib
0x0000000006827000 	/System/Library/PrivateFrameworks/FindMyDevice.framework/Versions/A/FindMyDevice
0x0000000006827000 	/System/Library/Frameworks/LDAP.framework/Versions/A/LDAP
0x0000000006827000 	/usr/lib/libsasl2.2.dylib
0x0000000006827000 	/System/Library/PrivateFrameworks/CoreDaemon.framework/Versions/B/CoreDaemon
0x0000000006827000 	/usr/lib/libcrypto.0.9.8.dylib
0x0000000006827000 	/System/Library/PrivateFrameworks/AppleSRP.framework/Versions/A/AppleSRP
0x0000000006827000 	/System/Library/PrivateFrameworks/TrustEvaluationAgent.framework/Versions/A/TrustEvaluationAgent
0x0000000124a27000 	/Library/Java/JavaVirtualMachines/jdk1.8.0_20.jdk/Contents/Home/jre/lib/libglass.dylib
0x0000000006827000 	/System/Library/PrivateFrameworks/CoreServicesInternal.framework/Versions/A/CoreServicesInternal
0x0000000006827000 	/System/Library/PrivateFrameworks/CloudDocs.framework/Versions/A/CloudDocs
0x0000000006827000 	/System/Library/PrivateFrameworks/CoreDuet.framework/Versions/A/CoreDuet
0x0000000006827000 	/System/Library/Frameworks/CloudKit.framework/Versions/A/CloudKit
0x0000000006827000 	/System/Library/PrivateFrameworks/ProtocolBuffer.framework/Versions/A/ProtocolBuffer
0x0000000006827000 	/System/Library/PrivateFrameworks/CoreDuetDaemonProtocol.framework/Versions/A/CoreDuetDaemonProtocol
0x0000000006827000 	/System/Library/PrivateFrameworks/CoreDuetDebugLogging.framework/Versions/A/CoreDuetDebugLogging
0x0000000006827000 	/System/Library/Frameworks/CoreLocation.framework/Versions/A/CoreLocation
0x0000000006827000 	/System/Library/Frameworks/Accounts.framework/Versions/A/Accounts
0x0000000006827000 	/System/Library/PrivateFrameworks/ApplePushService.framework/Versions/A/ApplePushService
0x0000000006827000 	/System/Library/PrivateFrameworks/GeoServices.framework/Versions/A/GeoServices
0x0000000006827000 	/System/Library/PrivateFrameworks/OAuth.framework/Versions/A/OAuth
0x0000000006827000 	/System/Library/Frameworks/CoreGraphics.framework/Versions/A/Resources/libCGCMS.A.dylib
0x0000000006827000 	/System/Library/CoreServices/RawCamera.bundle/Contents/MacOS/RawCamera
0x0000000006827000 	/System/Library/Frameworks/CoreGraphics.framework/Versions/A/Resources/libRIP.A.dylib
0x0000000006827000 	/System/Library/PrivateFrameworks/FamilyControls.framework/Versions/A/FamilyControls
0x0000000006827000 	/System/Library/PrivateFrameworks/CommerceKit.framework/Versions/A/Frameworks/CommerceCore.framework/Versions/A/CommerceCore
0x0000000006827000 	/System/Library/PrivateFrameworks/SystemAdministration.framework/Versions/A/SystemAdministration
0x0000000006827000 	/System/Library/PrivateFrameworks/AppContainer.framework/Versions/A/AppContainer
0x0000000006827000 	/System/Library/PrivateFrameworks/SecCodeWrapper.framework/Versions/A/SecCodeWrapper
0x0000000006827000 	/System/Library/Frameworks/DirectoryService.framework/Versions/A/DirectoryService
0x0000000006827000 	/System/Library/PrivateFrameworks/LoginUIKit.framework/Versions/A/Frameworks/LoginUICore.framework/Versions/A/LoginUICore
0x0000000006827000 	/usr/lib/libodfde.dylib
0x00000001284b3000 	/Library/Java/JavaVirtualMachines/jdk1.8.0_20.jdk/Contents/Home/jre/lib/libjavafx_font.dylib
0x0000000006827000 	/System/Library/Frameworks/CoreGraphics.framework/Versions/A/Resources/libCGXType.A.dylib
0x000000012ad84000 	cl_kernels
0x000000012bd36000 	/System/Library/Frameworks/OpenCL.framework/Versions/A/Libraries/ImageFormats/unorm8_bgra.dylib
0x000000012ad8a000 	cl_kernels
0x000000012c807000 	/Library/Java/JavaVirtualMachines/jdk1.8.0_20.jdk/Contents/Home/jre/lib/libprism_common.dylib
0x000000012f80f000 	/Library/Java/JavaVirtualMachines/jdk1.8.0_20.jdk/Contents/Home/jre/lib/libnet.dylib

VM Arguments:
jvm_args: -Dfile.encoding=UTF-8 
java_command: bank.gui.BankierClient
java_class_path (initial): /Users/Eric/git/GSO31-JenE/BankierenNoObserverFX/dist/BankierenNoObserverFX.jar:/Library/Java/JavaVirtualMachines/jdk1.8.0_20.jdk/Contents/Home/jre/lib/javaws.jar:/Library/Java/JavaVirtualMachines/jdk1.8.0_20.jdk/Contents/Home/jre/lib/deploy.jar:/Library/Java/JavaVirtualMachines/jdk1.8.0_20.jdk/Contents/Home/jre/lib/plugin.jar:/Users/Eric/git/GSO31-JenE/BankierenNoObserverFX/FontysObserver.jar:/Users/Eric/git/GSO31-JenE/BankierenNoObserverFX/build/classes
Launcher Type: SUN_STANDARD

Environment Variables:
PATH=/usr/bin:/bin:/usr/sbin:/sbin
LD_LIBRARY_PATH=/Library/Java/JavaVirtualMachines/jdk1.8.0_20.jdk/Contents/Home/jre/lib/amd64:/Library/Java/JavaVirtualMachines/jdk1.8.0_20.jdk/Contents/Home/jre/lib/i386:
SHELL=/bin/bash
DYLD_LIBRARY_PATH=/Applications/NetBeans/NetBeans 8.0.app/Contents/Resources/NetBeans/webcommon/bin:

Signal Handlers:
SIGSEGV: [libjvm.dylib+0x578fd7], sa_mask[0]=11111111011111110111111111111111, sa_flags=SA_ONSTACK|SA_RESTART|SA_SIGINFO
SIGBUS: [libjvm.dylib+0x578fd7], sa_mask[0]=11111111011111110111111111111111, sa_flags=SA_RESTART|SA_SIGINFO
SIGFPE: [libjvm.dylib+0x45ab0c], sa_mask[0]=11111111011111110111111111111111, sa_flags=SA_RESTART|SA_SIGINFO
SIGPIPE: [libjvm.dylib+0x45ab0c], sa_mask[0]=11111111011111110111111111111111, sa_flags=SA_RESTART|SA_SIGINFO
SIGXFSZ: [libjvm.dylib+0x45ab0c], sa_mask[0]=11111111011111110111111111111111, sa_flags=SA_RESTART|SA_SIGINFO
SIGILL: [libjvm.dylib+0x45ab0c], sa_mask[0]=11111111011111110111111111111111, sa_flags=SA_RESTART|SA_SIGINFO
SIGUSR1: SIG_DFL, sa_mask[0]=00000000000000000000000000000000, sa_flags=none
SIGUSR2: [libjvm.dylib+0x45a62a], sa_mask[0]=00100000000000000000000000000000, sa_flags=SA_RESTART|SA_SIGINFO
SIGHUP: [libjvm.dylib+0x458bfd], sa_mask[0]=11111111011111110111111111111111, sa_flags=SA_RESTART|SA_SIGINFO
SIGINT: SIG_IGN, sa_mask[0]=00000000000000000000000000000000, sa_flags=none
SIGTERM: [libjvm.dylib+0x458bfd], sa_mask[0]=11111111011111110111111111111111, sa_flags=SA_RESTART|SA_SIGINFO
SIGQUIT: [libjvm.dylib+0x458bfd], sa_mask[0]=11111111011111110111111111111111, sa_flags=SA_RESTART|SA_SIGINFO


---------------  S Y S T E M  ---------------

OS:Bsduname:Darwin 14.0.0 Darwin Kernel Version 14.0.0: Fri Sep 19 00:26:44 PDT 2014; root:xnu-2782.1.97~2/RELEASE_X86_64 x86_64
rlimit: STACK 8192k, CORE 0k, NPROC 709, NOFILE 10240, AS infinity
load average:1.50 1.47 1.51

CPU:total 4 (2 cores per cpu, 2 threads per core) family 6 model 69 stepping 1, cmov, cx8, fxsr, mmx, sse, sse2, sse3, ssse3, sse4.1, sse4.2, popcnt, avx, avx2, aes, clmul, erms, lzcnt, ht, tsc, tscinvbit, bmi1, bmi2

Memory: 4k page, physical 8388608k(1207784k free)

/proc/meminfo:


vm_info: Java HotSpot(TM) 64-Bit Server VM (25.20-b23) for bsd-amd64 JRE (1.8.0_20-b26), built on Jul 30 2014 13:37:47 by "java_re" with gcc 4.2.1 (Based on Apple Inc. build 5658) (LLVM build 2336.9.00)

time: Sun Dec 14 22:25:26 2014
elapsed time: 1672 seconds (0d 0h 27m 52s)

