#
# A fatal error has been detected by the Java Runtime Environment:
#
#  SIGSEGV (0xb) at pc=0x00000001df8c43fd, pid=2389, tid=1811
#
# JRE version: Java(TM) SE Runtime Environment (8.0_20-b26) (build 1.8.0_20-b26)
# Java VM: Java HotSpot(TM) 64-Bit Server VM (25.20-b23 mixed mode bsd-amd64 compressed oops)
# Problematic frame:
# C  [libglass.dylib+0x163fd]  GlassScreenDidChangeScreenParameters+0x9d
#
# Failed to write core dump. Core dumps have been disabled. To enable core dumping, try "ulimit -c unlimited" before starting Java again
#
# If you would like to submit a bug report, please visit:
#   http://bugreport.sun.com/bugreport/crash.jsp
#

---------------  T H R E A D  ---------------

Current thread is native thread

siginfo: si_signo: 11 (SIGSEGV), si_code: 1 (SEGV_MAPERR), si_addr: 0x0000000000000000

Registers:
RAX=0x00000001df8f6e40, RBX=0x0000000000000000, RCX=0xbf009d92215e74d7, RDX=0x00007fd692d6d2c8
RSP=0x00007fff5a424010, RBP=0x00007fff5a424020, RSI=0x00007fd692d21788, RDI=0x0000000000000000
R8 =0x00007fff5a423ec0, R9 =0x00007fff724dc300, R10=0x0000000000000000, R11=0x0000000000000246
R12=0x00007fd692d2b6d0, R13=0x00000000000f4268, R14=0x00007fd692c69180, R15=0x00007fff5a424160
RIP=0x00000001df8c43fd, EFLAGS=0x0000000000010202, ERR=0x0000000000000004
  TRAPNO=0x000000000000000e

Top of Stack: (sp=0x00007fff5a424010)
0x00007fff5a424010:   00007fff5a4241f0 00007fd692c69180
0x00007fff5a424020:   00007fff5a424030 00007fff8e95dcbc
0x00007fff5a424030:   00007fff5a424390 00007fff8e84f1b4
0x00007fff5a424040:   00007fd693248600 0000000000001400
0x00007fff5a424050:   00000001057f3000 00007fd692dfc080
0x00007fff5a424060:   0000000000001002 0000000000000bb8
0x00007fff5a424070:   0000000000000004 00007fd692c69180
0x00007fff5a424080:   0000000000000000 00007fff5a424160
0x00007fff5a424090:   0000000000000000 00007fd692c69140
0x00007fff5a4240a0:   00007fff5a4241e0 000000000000007d
0x00007fff5a4240b0:   00000000000f43c4 00007fd6978102e0
0x00007fff5a4240c0:   00007fd692e35630 00007fd692d2b6d0
0x00007fff5a4240d0:   0000000000000001 00000000000f4268
0x00007fff5a4240e0:   00007fd692d2b6c0 00007fff87208acb
0x00007fff5a4240f0:   0000000000000001 0000000000000001
0x00007fff5a424100:   0000000000000030 0000000000000001
0x00007fff5a424110:   00007fff5a424130 00007fff8720e231
0x00007fff5a424120:   00007fff735d5dd0 0000000000000000
0x00007fff5a424130:   00007fff5a424150 0000000000000005
0x00007fff5a424140:   000f0d03057f3000 00007fd692d2b6f4
0x00007fff5a424150:   0000000000000000 00007fff8e844c8f
0x00007fff5a424160:   00007fd692c69180 00007fff735d5dd0
0x00007fff5a424170:   00007fff5a4241f0 00007fff8e84d7bf
0x00007fff5a424180:   000000000000000a 00000001057f3000
0x00007fff5a424190:   00000001057f6a00 0000000000000002
0x00007fff5a4241a0:   00000001057f3000 00007fd692de2632
0x00007fff5a4241b0:   0000000000000003 00000001057f7e00
0x00007fff5a4241c0:   00007fff5a4242b0 00007fff872072a2
0x00007fff5a4241d0:   00007fd692d5d070 00007fff5a424398
0x00007fff5a4241e0:   0000000000000017 0000000000000000
0x00007fff5a4241f0:   00000000000f4268 00007fff8e844f83
0x00007fff5a424200:   00007fff00000000 00007fd692d60e20 

Instructions: (pc=0x00000001df8c43fd)
0x00000001df8c43dd:   89 df 4c 89 f1 41 ff 90 68 04 00 00 48 8d 05 58
0x00000001df8c43ed:   29 03 00 48 8b 30 48 8d 05 46 2a 03 00 48 8b 10
0x00000001df8c43fd:   48 8b 0b 30 c0 48 89 df ff 91 68 04 00 00 48 8b
0x00000001df8c440d:   03 48 89 df ff 50 78 48 85 c0 74 36 49 89 c6 48 

Register to memory mapping:

RAX=0x00000001df8f6e40: jScreenNotifySettingsChanged+0 in /Library/Java/JavaVirtualMachines/jdk1.8.0_20.jdk/Contents/Home/jre/lib/libglass.dylib at 0x00000001df8ae000
RBX=0x0000000000000000 is an unknown value
RCX=0xbf009d92215e74d7 is an unknown value
RDX=0x00007fd692d6d2c8 is an unknown value
RSP=0x00007fff5a424010 is an unknown value
RBP=0x00007fff5a424020 is an unknown value
RSI=0x00007fd692d21788 is a global jni handle
RDI=0x0000000000000000 is an unknown value
R8 =0x00007fff5a423ec0 is an unknown value
R9 =0x00007fff724dc300: _thread+0 in /usr/lib/system/libsystem_pthread.dylib at 0x00007fff86759000
R10=0x0000000000000000 is an unknown value
R11=0x0000000000000246 is an unknown value
R12=0x00007fd692d2b6d0 is an unknown value
R13=0x00000000000f4268 is an unknown value
R14=0x00007fd692c69180 is an unknown value
R15=0x00007fff5a424160 is an unknown value


Stack: [0x00007fff59c27000,0x00007fff5a427000],  sp=0x00007fff5a424010,  free space=8180k
Native frames: (J=compiled Java code, j=interpreted, Vv=VM code, C=native code)
C  [libglass.dylib+0x163fd]  GlassScreenDidChangeScreenParameters+0x9d
C  [CoreFoundation+0x11ecbc]  __CFNOTIFICATIONCENTER_IS_CALLING_OUT_TO_AN_OBSERVER__+0xc
C  [CoreFoundation+0x101b4]  _CFXNotificationPost+0xc44
C  [Foundation+0x2ea1]  -[NSNotificationCenter postNotificationName:object:userInfo:]+0x42
C  [AppKit+0x362dee]  -[NSApplication _reactToScreenInvalidationImmediately:]+0x17b
C  [AppKit+0x362c2d]  __44-[NSApplication _reactToScreenInvalidation:]_block_invoke+0x4b
C  [CoreFoundation+0x8054c]  __CFRUNLOOP_IS_CALLING_OUT_TO_A_BLOCK__+0xc
C  [CoreFoundation+0x72655]  __CFRunLoopDoBlocks+0x155
C  [CoreFoundation+0x72196]  __CFRunLoopRun+0x716
C  [CoreFoundation+0x71838]  CFRunLoopRunSpecific+0x128
C  [java+0x56cc]  CreateExecutionEnvironment+0x367
C  [java+0x165c]  JLI_Launch+0x7a0
C  [java+0x768a]  main+0x65
C  [java+0xeb4]  start+0x34


---------------  P R O C E S S  ---------------

VM state:not at safepoint (normal execution)

VM Mutex/Monitor currently owned by a thread: None

Heap:
 PSYoungGen      total 38400K, used 9405K [0x000000016bd80000, 0x000000016e800000, 0x0000000196800000)
  eden space 33280K, 24% used [0x000000016bd80000,0x000000016c56f460,0x000000016de00000)
  from space 5120K, 25% used [0x000000016de00000,0x000000016df40000,0x000000016e300000)
  to   space 5120K, 0% used [0x000000016e300000,0x000000016e300000,0x000000016e800000)
 ParOldGen       total 87552K, used 7443K [0x0000000116800000, 0x000000011bd80000, 0x000000016bd80000)
  object space 87552K, 8% used [0x0000000116800000,0x0000000116f44e80,0x000000011bd80000)
 Metaspace       used 21162K, capacity 22346K, committed 22400K, reserved 1069056K
  class space    used 2924K, capacity 3148K, committed 3200K, reserved 1048576K

Card table byte_map: [0x0000000196800000,0x0000000196c01000] byte_map_base: 0x0000000195f4c000

Marking Bits: (ParMarkBitMap*) 0x0000000106a9c330
 Begin Bits: [0x00000001972b8000, 0x00000001992b8000)
 End Bits:   [0x00000001992b8000, 0x000000019b2b8000)

Polling page: 0x00000001059ff000

CodeCache: size=245760Kb used=10222Kb max_used=10222Kb free=235537Kb
 bounds [0x0000000107161000, 0x0000000107b71000, 0x0000000116161000]
 total_blobs=3954 nmethods=3286 adapters=581
 compilation: enabled

Compilation events (10 events):
Event: 106.848 Thread 0x00007fd693048000 3544       3       java.util.ArrayDeque::removeFirst (19 bytes)
Event: 106.849 Thread 0x00007fd693048000 nmethod 3544 0x00000001075be610 code [0x00000001075be7a0, 0x00000001075bea18]
Event: 107.031 Thread 0x00007fd69384e800 3545       4       javafx.scene.layout.Region::impl_pickNodeLocal (74 bytes)
Event: 107.068 Thread 0x00007fd69384e800 nmethod 3545 0x0000000107b62350 code [0x0000000107b62600, 0x0000000107b63110]
Event: 118.093 Thread 0x00007fd693048000 3546   !   3       java.util.ArrayList$Itr::remove (68 bytes)
Event: 118.095 Thread 0x00007fd693048000 nmethod 3546 0x0000000107b61950 code [0x0000000107b61b00, 0x0000000107b620b8]
Event: 118.100 Thread 0x00007fd693048000 3547       3       java.util.LinkedList::checkPositionIndex (22 bytes)
Event: 118.101 Thread 0x00007fd693048000 nmethod 3547 0x0000000107b644d0 code [0x0000000107b646e0, 0x0000000107b65278]
Event: 118.101 Thread 0x00007fd693048000 3548       3       java.util.LinkedList::isPositionIndex (18 bytes)
Event: 118.101 Thread 0x00007fd693048000 nmethod 3548 0x0000000107b61590 code [0x0000000107b61700, 0x0000000107b618f0]

GC Heap History (8 events):
Event: 4.283 GC heap before
{Heap before GC invocations=1 (full 0):
 PSYoungGen      total 38400K, used 33280K [0x000000016bd80000, 0x000000016e800000, 0x0000000196800000)
  eden space 33280K, 100% used [0x000000016bd80000,0x000000016de00000,0x000000016de00000)
  from space 5120K, 0% used [0x000000016e300000,0x000000016e300000,0x000000016e800000)
  to   space 5120K, 0% used [0x000000016de00000,0x000000016de00000,0x000000016e300000)
 ParOldGen       total 87552K, used 0K [0x0000000116800000, 0x000000011bd80000, 0x000000016bd80000)
  object space 87552K, 0% used [0x0000000116800000,0x0000000116800000,0x000000011bd80000)
 Metaspace       used 14504K, capacity 15082K, committed 15360K, reserved 1062912K
  class space    used 2033K, capacity 2201K, committed 2304K, reserved 1048576K
Event: 4.307 GC heap after
Heap after GC invocations=1 (full 0):
 PSYoungGen      total 38400K, used 4720K [0x000000016bd80000, 0x000000016e800000, 0x0000000196800000)
  eden space 33280K, 0% used [0x000000016bd80000,0x000000016bd80000,0x000000016de00000)
  from space 5120K, 92% used [0x000000016de00000,0x000000016e29c050,0x000000016e300000)
  to   space 5120K, 0% used [0x000000016e300000,0x000000016e300000,0x000000016e800000)
 ParOldGen       total 87552K, used 80K [0x0000000116800000, 0x000000011bd80000, 0x000000016bd80000)
  object space 87552K, 0% used [0x0000000116800000,0x0000000116814010,0x000000011bd80000)
 Metaspace       used 14504K, capacity 15082K, committed 15360K, reserved 1062912K
  class space    used 2033K, capacity 2201K, committed 2304K, reserved 1048576K
}
Event: 25.682 GC heap before
{Heap before GC invocations=2 (full 0):
 PSYoungGen      total 38400K, used 17398K [0x000000016bd80000, 0x000000016e800000, 0x0000000196800000)
  eden space 33280K, 38% used [0x000000016bd80000,0x000000016c9e1970,0x000000016de00000)
  from space 5120K, 92% used [0x000000016de00000,0x000000016e29c050,0x000000016e300000)
  to   space 5120K, 0% used [0x000000016e300000,0x000000016e300000,0x000000016e800000)
 ParOldGen       total 87552K, used 80K [0x0000000116800000, 0x000000011bd80000, 0x000000016bd80000)
  object space 87552K, 0% used [0x0000000116800000,0x0000000116814010,0x000000011bd80000)
 Metaspace       used 17641K, capacity 18496K, committed 18560K, reserved 1064960K
  class space    used 2470K, capacity 2649K, committed 2688K, reserved 1048576K
Event: 25.695 GC heap after
Heap after GC invocations=2 (full 0):
 PSYoungGen      total 38400K, used 5088K [0x000000016bd80000, 0x000000016e800000, 0x0000000196800000)
  eden space 33280K, 0% used [0x000000016bd80000,0x000000016bd80000,0x000000016de00000)
  from space 5120K, 99% used [0x000000016e300000,0x000000016e7f8040,0x000000016e800000)
  to   space 5120K, 0% used [0x000000016de00000,0x000000016de00000,0x000000016e300000)
 ParOldGen       total 87552K, used 4480K [0x0000000116800000, 0x000000011bd80000, 0x000000016bd80000)
  object space 87552K, 5% used [0x0000000116800000,0x0000000116c60030,0x000000011bd80000)
 Metaspace       used 17641K, capacity 18496K, committed 18560K, reserved 1064960K
  class space    used 2470K, capacity 2649K, committed 2688K, reserved 1048576K
}
Event: 25.695 GC heap before
{Heap before GC invocations=3 (full 1):
 PSYoungGen      total 38400K, used 5088K [0x000000016bd80000, 0x000000016e800000, 0x0000000196800000)
  eden space 33280K, 0% used [0x000000016bd80000,0x000000016bd80000,0x000000016de00000)
  from space 5120K, 99% used [0x000000016e300000,0x000000016e7f8040,0x000000016e800000)
  to   space 5120K, 0% used [0x000000016de00000,0x000000016de00000,0x000000016e300000)
 ParOldGen       total 87552K, used 4480K [0x0000000116800000, 0x000000011bd80000, 0x000000016bd80000)
  object space 87552K, 5% used [0x0000000116800000,0x0000000116c60030,0x000000011bd80000)
 Metaspace       used 17641K, capacity 18496K, committed 18560K, reserved 1064960K
  class space    used 2470K, capacity 2649K, committed 2688K, reserved 1048576K
Event: 25.733 GC heap after
Heap after GC invocations=3 (full 1):
 PSYoungGen      total 38400K, used 0K [0x000000016bd80000, 0x000000016e800000, 0x0000000196800000)
  eden space 33280K, 0% used [0x000000016bd80000,0x000000016bd80000,0x000000016de00000)
  from space 5120K, 0% used [0x000000016e300000,0x000000016e300000,0x000000016e800000)
  to   space 5120K, 0% used [0x000000016de00000,0x000000016de00000,0x000000016e300000)
 ParOldGen       total 87552K, used 7435K [0x0000000116800000, 0x000000011bd80000, 0x000000016bd80000)
  object space 87552K, 8% used [0x0000000116800000,0x0000000116f42e80,0x000000011bd80000)
 Metaspace       used 17640K, capacity 18494K, committed 18560K, reserved 1064960K
  class space    used 2470K, capacity 2648K, committed 2688K, reserved 1048576K
}
Event: 37.588 GC heap before
{Heap before GC invocations=4 (full 1):
 PSYoungGen      total 38400K, used 33280K [0x000000016bd80000, 0x000000016e800000, 0x0000000196800000)
  eden space 33280K, 100% used [0x000000016bd80000,0x000000016de00000,0x000000016de00000)
  from space 5120K, 0% used [0x000000016e300000,0x000000016e300000,0x000000016e800000)
  to   space 5120K, 0% used [0x000000016de00000,0x000000016de00000,0x000000016e300000)
 ParOldGen       total 87552K, used 7435K [0x0000000116800000, 0x000000011bd80000, 0x000000016bd80000)
  object space 87552K, 8% used [0x0000000116800000,0x0000000116f42e80,0x000000011bd80000)
 Metaspace       used 20400K, capacity 21552K, committed 21888K, reserved 1069056K
  class space    used 2873K, capacity 3119K, committed 3200K, reserved 1048576K
Event: 37.595 GC heap after
Heap after GC invocations=4 (full 1):
 PSYoungGen      total 38400K, used 1280K [0x000000016bd80000, 0x000000016e800000, 0x0000000196800000)
  eden space 33280K, 0% used [0x000000016bd80000,0x000000016bd80000,0x000000016de00000)
  from space 5120K, 25% used [0x000000016de00000,0x000000016df40000,0x000000016e300000)
  to   space 5120K, 0% used [0x000000016e300000,0x000000016e300000,0x000000016e800000)
 ParOldGen       total 87552K, used 7443K [0x0000000116800000, 0x000000011bd80000, 0x000000016bd80000)
  object space 87552K, 8% used [0x0000000116800000,0x0000000116f44e80,0x000000011bd80000)
 Metaspace       used 20400K, capacity 21552K, committed 21888K, reserved 1069056K
  class space    used 2873K, capacity 3119K, committed 3200K, reserved 1048576K
}

Deoptimization events (10 events):
Event: 25.829 Thread 0x00007fd694141000 Uncommon trap: reason=array_check action=maybe_recompile pc=0x00000001076a82ac method=com.sun.javafx.css.SimpleSelector.applies(Ljavafx/css/Styleable;[Ljava/util/Set;I)Z @ 37
Event: 25.829 Thread 0x00007fd694141000 Uncommon trap: reason=array_check action=maybe_recompile pc=0x00000001076a82ac method=com.sun.javafx.css.SimpleSelector.applies(Ljavafx/css/Styleable;[Ljava/util/Set;I)Z @ 37
Event: 37.249 Thread 0x00007fd694141000 Uncommon trap: reason=bimorphic action=maybe_recompile pc=0x00000001076ddcc8 method=java.util.HashMap.putVal(ILjava/lang/Object;Ljava/lang/Object;ZZ)Ljava/lang/Object; @ 203
Event: 37.278 Thread 0x00007fd694141000 Uncommon trap: reason=bimorphic action=maybe_recompile pc=0x00000001077bfcf8 method=java.util.WeakHashMap.eq(Ljava/lang/Object;Ljava/lang/Object;)Z @ 7
Event: 37.632 Thread 0x00007fd694141000 Uncommon trap: reason=class_check action=maybe_recompile pc=0x00000001077c4184 method=javafx.scene.CssStyleHelper.lookup(Ljavafx/css/Styleable;Ljavafx/css/CssMetaData;Lcom/sun/javafx/css/StyleMap;Ljava/util/Set;Ljavafx/css/Styleable;Lcom/sun/javafx/css/Ca
Event: 37.734 Thread 0x00007fd694141000 Uncommon trap: reason=array_check action=maybe_recompile pc=0x0000000107a8426c method=com.sun.javafx.css.CompoundSelector.applies(Ljavafx/css/Styleable;[Ljava/util/Set;I)Z @ 128
Event: 37.735 Thread 0x00007fd694141000 Uncommon trap: reason=array_check action=maybe_recompile pc=0x0000000107a8426c method=com.sun.javafx.css.CompoundSelector.applies(Ljavafx/css/Styleable;[Ljava/util/Set;I)Z @ 128
Event: 37.736 Thread 0x00007fd694141000 Uncommon trap: reason=array_check action=maybe_recompile pc=0x0000000107a8426c method=com.sun.javafx.css.CompoundSelector.applies(Ljavafx/css/Styleable;[Ljava/util/Set;I)Z @ 128
Event: 37.736 Thread 0x00007fd694141000 Uncommon trap: reason=array_check action=maybe_recompile pc=0x0000000107a8426c method=com.sun.javafx.css.CompoundSelector.applies(Ljavafx/css/Styleable;[Ljava/util/Set;I)Z @ 128
Event: 38.013 Thread 0x00007fd694141000 Uncommon trap: reason=class_check action=maybe_recompile pc=0x00000001077c4184 method=javafx.scene.CssStyleHelper.lookup(Ljavafx/css/Styleable;Ljavafx/css/CssMetaData;Lcom/sun/javafx/css/StyleMap;Ljava/util/Set;Ljavafx/css/Styleable;Lcom/sun/javafx/css/Ca

Internal exceptions (10 events):
Event: 37.583 Thread 0x00007fd694141000 Exception <a 'java/security/PrivilegedActionException'> (0x000000016ddcd050) thrown at [/HUDSON3/workspace/8-2-build-macosx-x86_64/jdk8u20/1074/hotspot/src/share/vm/prims/jvm.cpp, line 1275]
Event: 37.583 Thread 0x00007fd694141000 Exception <a 'java/security/PrivilegedActionException'> (0x000000016ddceb88) thrown at [/HUDSON3/workspace/8-2-build-macosx-x86_64/jdk8u20/1074/hotspot/src/share/vm/prims/jvm.cpp, line 1275]
Event: 37.583 Thread 0x00007fd694141000 Exception <a 'java/security/PrivilegedActionException'> (0x000000016ddd0388) thrown at [/HUDSON3/workspace/8-2-build-macosx-x86_64/jdk8u20/1074/hotspot/src/share/vm/prims/jvm.cpp, line 1275]
Event: 37.584 Thread 0x00007fd694141000 Exception <a 'java/security/PrivilegedActionException'> (0x000000016ddd1ec0) thrown at [/HUDSON3/workspace/8-2-build-macosx-x86_64/jdk8u20/1074/hotspot/src/share/vm/prims/jvm.cpp, line 1275]
Event: 37.584 Thread 0x00007fd694141000 Exception <a 'java/security/PrivilegedActionException'> (0x000000016ddeec90) thrown at [/HUDSON3/workspace/8-2-build-macosx-x86_64/jdk8u20/1074/hotspot/src/share/vm/prims/jvm.cpp, line 1275]
Event: 37.585 Thread 0x00007fd694141000 Exception <a 'java/security/PrivilegedActionException'> (0x000000016ddf08d8) thrown at [/HUDSON3/workspace/8-2-build-macosx-x86_64/jdk8u20/1074/hotspot/src/share/vm/prims/jvm.cpp, line 1275]
Event: 37.891 Thread 0x00007fd694141000 Exception <a 'java/security/PrivilegedActionException'> (0x000000016bfd8430) thrown at [/HUDSON3/workspace/8-2-build-macosx-x86_64/jdk8u20/1074/hotspot/src/share/vm/prims/jvm.cpp, line 1275]
Event: 37.892 Thread 0x00007fd694141000 Exception <a 'java/security/PrivilegedActionException'> (0x000000016bfda420) thrown at [/HUDSON3/workspace/8-2-build-macosx-x86_64/jdk8u20/1074/hotspot/src/share/vm/prims/jvm.cpp, line 1275]
Event: 96.035 Thread 0x00007fd694141000 Exception <a 'java/lang/reflect/InvocationTargetException'> (0x000000016c343c68) thrown at [/HUDSON3/workspace/8-2-build-macosx-x86_64/jdk8u20/1074/hotspot/src/share/vm/runtime/reflection.cpp, line 1079]
Event: 96.035 Thread 0x00007fd694141000 Exception <a 'java/lang/RuntimeException'> (0x000000016c3442f8) thrown at [/HUDSON3/workspace/8-2-build-macosx-x86_64/jdk8u20/1074/hotspot/src/share/vm/prims/jvm.cpp, line 1279]

Events (10 events):
Event: 118.102 Thread 0x00007fd6948d4000 Thread exited: 0x00007fd6948d4000
Event: 118.102 Thread 0x00007fd69300a800 Thread exited: 0x00007fd69300a800
Event: 118.102 Thread 0x00007fd693854800 Thread added: 0x00007fd693854800
Event: 118.102 Thread 0x00007fd694141000 Thread exited: 0x00007fd694141000
Event: 126.042 Executing VM operation: RevokeBias
Event: 126.042 Executing VM operation: RevokeBias done
Event: 126.042 Executing VM operation: RevokeBias
Event: 126.042 Executing VM operation: RevokeBias done
Event: 126.042 Executing VM operation: RevokeBias
Event: 126.042 Executing VM operation: RevokeBias done


Dynamic libraries:
0x0000000001739000 	/System/Library/Frameworks/Cocoa.framework/Versions/A/Cocoa
0x0000000001739000 	/System/Library/Frameworks/Security.framework/Versions/A/Security
0x0000000001739000 	/System/Library/Frameworks/ApplicationServices.framework/Versions/A/ApplicationServices
0x0000000001739000 	/usr/lib/libz.1.dylib
0x0000000001739000 	/usr/lib/libSystem.B.dylib
0x0000000001739000 	/usr/lib/libobjc.A.dylib
0x0000000001739000 	/System/Library/Frameworks/CoreFoundation.framework/Versions/A/CoreFoundation
0x0000000001739000 	/System/Library/Frameworks/Foundation.framework/Versions/C/Foundation
0x0000000001739000 	/System/Library/Frameworks/AppKit.framework/Versions/C/AppKit
0x0000000001739000 	/System/Library/Frameworks/CoreData.framework/Versions/A/CoreData
0x0000000001739000 	/System/Library/PrivateFrameworks/RemoteViewServices.framework/Versions/A/RemoteViewServices
0x0000000001739000 	/System/Library/PrivateFrameworks/UIFoundation.framework/Versions/A/UIFoundation
0x0000000001739000 	/System/Library/Frameworks/IOSurface.framework/Versions/A/IOSurface
0x0000000001739000 	/System/Library/Frameworks/AudioToolbox.framework/Versions/A/AudioToolbox
0x0000000001739000 	/System/Library/Frameworks/AudioUnit.framework/Versions/A/AudioUnit
0x0000000001739000 	/System/Library/PrivateFrameworks/DataDetectorsCore.framework/Versions/A/DataDetectorsCore
0x0000000001739000 	/System/Library/PrivateFrameworks/DesktopServicesPriv.framework/Versions/A/DesktopServicesPriv
0x0000000001739000 	/System/Library/Frameworks/Carbon.framework/Versions/A/Frameworks/HIToolbox.framework/Versions/A/HIToolbox
0x0000000001739000 	/System/Library/Frameworks/QuartzCore.framework/Versions/A/QuartzCore
0x0000000001739000 	/System/Library/Frameworks/Carbon.framework/Versions/A/Frameworks/SpeechRecognition.framework/Versions/A/SpeechRecognition
0x0000000001739000 	/usr/lib/libauto.dylib
0x0000000001739000 	/usr/lib/libicucore.A.dylib
0x0000000001739000 	/usr/lib/libxml2.2.dylib
0x0000000001739000 	/System/Library/PrivateFrameworks/CoreUI.framework/Versions/A/CoreUI
0x0000000001739000 	/System/Library/Frameworks/CoreAudio.framework/Versions/A/CoreAudio
0x0000000001739000 	/System/Library/Frameworks/DiskArbitration.framework/Versions/A/DiskArbitration
0x0000000001739000 	/usr/lib/liblangid.dylib
0x0000000001739000 	/System/Library/PrivateFrameworks/MultitouchSupport.framework/Versions/A/MultitouchSupport
0x0000000001739000 	/System/Library/Frameworks/IOKit.framework/Versions/A/IOKit
0x0000000001739000 	/usr/lib/libDiagnosticMessagesClient.dylib
0x0000000001739000 	/System/Library/Frameworks/CoreServices.framework/Versions/A/CoreServices
0x0000000001739000 	/System/Library/PrivateFrameworks/PerformanceAnalysis.framework/Versions/A/PerformanceAnalysis
0x0000000001739000 	/System/Library/PrivateFrameworks/GenerationalStorage.framework/Versions/A/GenerationalStorage
0x0000000001739000 	/System/Library/Frameworks/OpenGL.framework/Versions/A/OpenGL
0x0000000001739000 	/System/Library/PrivateFrameworks/Sharing.framework/Versions/A/Sharing
0x0000000001739000 	/System/Library/Frameworks/CoreGraphics.framework/Versions/A/CoreGraphics
0x0000000001739000 	/System/Library/Frameworks/CoreText.framework/Versions/A/CoreText
0x0000000001739000 	/System/Library/Frameworks/ImageIO.framework/Versions/A/ImageIO
0x0000000001739000 	/usr/lib/libextension.dylib
0x0000000001739000 	/System/Library/PrivateFrameworks/Backup.framework/Versions/A/Backup
0x0000000001739000 	/usr/lib/libarchive.2.dylib
0x0000000001739000 	/System/Library/Frameworks/CFNetwork.framework/Versions/A/CFNetwork
0x0000000001739000 	/System/Library/Frameworks/SystemConfiguration.framework/Versions/A/SystemConfiguration
0x0000000001739000 	/usr/lib/libCRFSuite.dylib
0x0000000001739000 	/usr/lib/libc++.1.dylib
0x0000000001739000 	/usr/lib/libc++abi.dylib
0x0000000001739000 	/usr/lib/system/libcache.dylib
0x0000000001739000 	/usr/lib/system/libcommonCrypto.dylib
0x0000000001739000 	/usr/lib/system/libcompiler_rt.dylib
0x0000000001739000 	/usr/lib/system/libcopyfile.dylib
0x0000000001739000 	/usr/lib/system/libcorecrypto.dylib
0x0000000001739000 	/usr/lib/system/libdispatch.dylib
0x0000000001739000 	/usr/lib/system/libdyld.dylib
0x0000000001739000 	/usr/lib/system/libkeymgr.dylib
0x0000000001739000 	/usr/lib/system/liblaunch.dylib
0x0000000001739000 	/usr/lib/system/libmacho.dylib
0x0000000001739000 	/usr/lib/system/libquarantine.dylib
0x0000000001739000 	/usr/lib/system/libremovefile.dylib
0x0000000001739000 	/usr/lib/system/libsystem_asl.dylib
0x0000000001739000 	/usr/lib/system/libsystem_blocks.dylib
0x0000000001739000 	/usr/lib/system/libsystem_c.dylib
0x0000000001739000 	/usr/lib/system/libsystem_configuration.dylib
0x0000000001739000 	/usr/lib/system/libsystem_coreservices.dylib
0x0000000001739000 	/usr/lib/system/libsystem_coretls.dylib
0x0000000001739000 	/usr/lib/system/libsystem_dnssd.dylib
0x0000000001739000 	/usr/lib/system/libsystem_info.dylib
0x0000000001739000 	/usr/lib/system/libsystem_kernel.dylib
0x0000000001739000 	/usr/lib/system/libsystem_m.dylib
0x0000000001739000 	/usr/lib/system/libsystem_malloc.dylib
0x0000000001739000 	/usr/lib/system/libsystem_network.dylib
0x0000000001739000 	/usr/lib/system/libsystem_networkextension.dylib
0x0000000001739000 	/usr/lib/system/libsystem_notify.dylib
0x0000000001739000 	/usr/lib/system/libsystem_platform.dylib
0x0000000001739000 	/usr/lib/system/libsystem_pthread.dylib
0x0000000001739000 	/usr/lib/system/libsystem_sandbox.dylib
0x0000000001739000 	/usr/lib/system/libsystem_secinit.dylib
0x0000000001739000 	/usr/lib/system/libsystem_stats.dylib
0x0000000001739000 	/usr/lib/system/libsystem_trace.dylib
0x0000000001739000 	/usr/lib/system/libunc.dylib
0x0000000001739000 	/usr/lib/system/libunwind.dylib
0x0000000001739000 	/usr/lib/system/libxpc.dylib
0x0000000001739000 	/usr/lib/libbz2.1.0.dylib
0x0000000001739000 	/usr/lib/liblzma.5.dylib
0x0000000001739000 	/usr/lib/libbsm.0.dylib
0x0000000001739000 	/usr/lib/libsqlite3.dylib
0x0000000001739000 	/usr/lib/system/libkxld.dylib
0x0000000001739000 	/usr/lib/libxar.1.dylib
0x0000000001739000 	/usr/lib/libpam.2.dylib
0x0000000001739000 	/usr/lib/libOpenScriptingUtil.dylib
0x0000000001739000 	/System/Library/Frameworks/CoreServices.framework/Versions/A/Frameworks/FSEvents.framework/Versions/A/FSEvents
0x0000000001739000 	/System/Library/Frameworks/CoreServices.framework/Versions/A/Frameworks/CarbonCore.framework/Versions/A/CarbonCore
0x0000000001739000 	/System/Library/Frameworks/CoreServices.framework/Versions/A/Frameworks/Metadata.framework/Versions/A/Metadata
0x0000000001739000 	/System/Library/Frameworks/CoreServices.framework/Versions/A/Frameworks/OSServices.framework/Versions/A/OSServices
0x0000000001739000 	/System/Library/Frameworks/CoreServices.framework/Versions/A/Frameworks/SearchKit.framework/Versions/A/SearchKit
0x0000000001739000 	/System/Library/Frameworks/CoreServices.framework/Versions/A/Frameworks/AE.framework/Versions/A/AE
0x0000000001739000 	/System/Library/Frameworks/CoreServices.framework/Versions/A/Frameworks/LaunchServices.framework/Versions/A/LaunchServices
0x0000000001739000 	/System/Library/Frameworks/CoreServices.framework/Versions/A/Frameworks/DictionaryServices.framework/Versions/A/DictionaryServices
0x0000000001739000 	/System/Library/Frameworks/NetFS.framework/Versions/A/NetFS
0x0000000001739000 	/System/Library/PrivateFrameworks/NetAuth.framework/Versions/A/NetAuth
0x0000000001739000 	/System/Library/PrivateFrameworks/login.framework/Versions/A/Frameworks/loginsupport.framework/Versions/A/loginsupport
0x0000000001739000 	/System/Library/PrivateFrameworks/TCC.framework/Versions/A/TCC
0x0000000001739000 	/usr/lib/libmecabra.dylib
0x0000000001739000 	/System/Library/PrivateFrameworks/LanguageModeling.framework/Versions/A/LanguageModeling
0x0000000001739000 	/usr/lib/libcmph.dylib
0x0000000001739000 	/usr/lib/libiconv.2.dylib
0x0000000001739000 	/System/Library/Frameworks/OpenDirectory.framework/Versions/A/Frameworks/CFOpenDirectory.framework/Versions/A/CFOpenDirectory
0x0000000001739000 	/System/Library/Frameworks/ServiceManagement.framework/Versions/A/ServiceManagement
0x0000000001739000 	/usr/lib/libxslt.1.dylib
0x0000000001739000 	/System/Library/Frameworks/Carbon.framework/Versions/A/Frameworks/Ink.framework/Versions/A/Ink
0x0000000001739000 	/System/Library/Frameworks/ApplicationServices.framework/Versions/A/Frameworks/ATS.framework/Versions/A/ATS
0x0000000001739000 	/System/Library/Frameworks/ApplicationServices.framework/Versions/A/Frameworks/ColorSync.framework/Versions/A/ColorSync
0x0000000001739000 	/System/Library/Frameworks/ApplicationServices.framework/Versions/A/Frameworks/HIServices.framework/Versions/A/HIServices
0x0000000001739000 	/System/Library/Frameworks/ApplicationServices.framework/Versions/A/Frameworks/LangAnalysis.framework/Versions/A/LangAnalysis
0x0000000001739000 	/System/Library/Frameworks/ApplicationServices.framework/Versions/A/Frameworks/PrintCore.framework/Versions/A/PrintCore
0x0000000001739000 	/System/Library/Frameworks/ApplicationServices.framework/Versions/A/Frameworks/QD.framework/Versions/A/QD
0x0000000001739000 	/System/Library/Frameworks/ApplicationServices.framework/Versions/A/Frameworks/SpeechSynthesis.framework/Versions/A/SpeechSynthesis
0x0000000001739000 	/System/Library/Frameworks/Accelerate.framework/Versions/A/Accelerate
0x0000000001739000 	/System/Library/Frameworks/Accelerate.framework/Versions/A/Frameworks/vImage.framework/Versions/A/vImage
0x0000000001739000 	/System/Library/Frameworks/Accelerate.framework/Versions/A/Frameworks/vecLib.framework/Versions/A/vecLib
0x0000000001739000 	/System/Library/Frameworks/Accelerate.framework/Versions/A/Frameworks/vecLib.framework/Versions/A/libvDSP.dylib
0x0000000001739000 	/System/Library/Frameworks/Accelerate.framework/Versions/A/Frameworks/vecLib.framework/Versions/A/libvMisc.dylib
0x0000000001739000 	/System/Library/Frameworks/Accelerate.framework/Versions/A/Frameworks/vecLib.framework/Versions/A/libLAPACK.dylib
0x0000000001739000 	/System/Library/Frameworks/Accelerate.framework/Versions/A/Frameworks/vecLib.framework/Versions/A/libBLAS.dylib
0x0000000001739000 	/System/Library/Frameworks/Accelerate.framework/Versions/A/Frameworks/vecLib.framework/Versions/A/libLinearAlgebra.dylib
0x0000000001739000 	/System/Library/Frameworks/ApplicationServices.framework/Versions/A/Frameworks/ATS.framework/Versions/A/Resources/libFontParser.dylib
0x0000000001739000 	/System/Library/Frameworks/ApplicationServices.framework/Versions/A/Frameworks/ATS.framework/Versions/A/Resources/libFontRegistry.dylib
0x0000000001739000 	/System/Library/PrivateFrameworks/AppleVPA.framework/Versions/A/AppleVPA
0x0000000001739000 	/System/Library/PrivateFrameworks/AppleJPEG.framework/Versions/A/AppleJPEG
0x0000000001739000 	/System/Library/Frameworks/ImageIO.framework/Versions/A/Resources/libJPEG.dylib
0x0000000001739000 	/System/Library/Frameworks/ImageIO.framework/Versions/A/Resources/libTIFF.dylib
0x0000000001739000 	/System/Library/Frameworks/ImageIO.framework/Versions/A/Resources/libPng.dylib
0x0000000001739000 	/System/Library/Frameworks/ImageIO.framework/Versions/A/Resources/libGIF.dylib
0x0000000001739000 	/System/Library/Frameworks/ImageIO.framework/Versions/A/Resources/libJP2.dylib
0x0000000001739000 	/System/Library/Frameworks/ImageIO.framework/Versions/A/Resources/libRadiance.dylib
0x0000000001739000 	/System/Library/Frameworks/CoreVideo.framework/Versions/A/CoreVideo
0x0000000001739000 	/System/Library/Frameworks/OpenGL.framework/Versions/A/Libraries/libGLU.dylib
0x0000000001739000 	/System/Library/Frameworks/OpenGL.framework/Versions/A/Libraries/libGFXShared.dylib
0x0000000001739000 	/System/Library/Frameworks/OpenGL.framework/Versions/A/Libraries/libGL.dylib
0x0000000001739000 	/System/Library/Frameworks/OpenGL.framework/Versions/A/Libraries/libGLImage.dylib
0x0000000001739000 	/System/Library/Frameworks/OpenGL.framework/Versions/A/Libraries/libCVMSPluginSupport.dylib
0x0000000001739000 	/System/Library/Frameworks/OpenGL.framework/Versions/A/Libraries/libCoreVMClient.dylib
0x0000000001739000 	/usr/lib/libcups.2.dylib
0x0000000001739000 	/System/Library/Frameworks/Kerberos.framework/Versions/A/Kerberos
0x0000000001739000 	/System/Library/Frameworks/GSS.framework/Versions/A/GSS
0x0000000001739000 	/usr/lib/libresolv.9.dylib
0x0000000001739000 	/System/Library/PrivateFrameworks/Heimdal.framework/Versions/A/Heimdal
0x0000000001739000 	/usr/lib/libheimdal-asn1.dylib
0x0000000001739000 	/System/Library/Frameworks/OpenDirectory.framework/Versions/A/OpenDirectory
0x0000000001739000 	/System/Library/PrivateFrameworks/CommonAuth.framework/Versions/A/CommonAuth
0x0000000001739000 	/System/Library/Frameworks/SecurityFoundation.framework/Versions/A/SecurityFoundation
0x0000000001739000 	/System/Library/Frameworks/QuartzCore.framework/Versions/A/Frameworks/CoreImage.framework/Versions/A/CoreImage
0x0000000001739000 	/System/Library/PrivateFrameworks/CrashReporterSupport.framework/Versions/A/CrashReporterSupport
0x0000000001739000 	/System/Library/Frameworks/OpenCL.framework/Versions/A/OpenCL
0x0000000001739000 	/System/Library/PrivateFrameworks/FaceCore.framework/Versions/A/FaceCore
0x0000000001739000 	/System/Library/PrivateFrameworks/Ubiquity.framework/Versions/A/Ubiquity
0x0000000001739000 	/System/Library/PrivateFrameworks/IconServices.framework/Versions/A/IconServices
0x0000000001739000 	/System/Library/PrivateFrameworks/ChunkingLibrary.framework/Versions/A/ChunkingLibrary
0x0000000001739000 	/System/Library/PrivateFrameworks/Apple80211.framework/Versions/A/Apple80211
0x0000000001739000 	/System/Library/Frameworks/CoreWLAN.framework/Versions/A/CoreWLAN
0x0000000001739000 	/System/Library/Frameworks/IOBluetooth.framework/Versions/A/IOBluetooth
0x0000000001739000 	/System/Library/PrivateFrameworks/CoreWiFi.framework/Versions/A/CoreWiFi
0x0000000001739000 	/System/Library/Frameworks/CoreBluetooth.framework/Versions/A/CoreBluetooth
0x0000000001739000 	/System/Library/PrivateFrameworks/DebugSymbols.framework/Versions/A/DebugSymbols
0x0000000001739000 	/System/Library/PrivateFrameworks/CoreSymbolication.framework/Versions/A/CoreSymbolication
0x0000000001739000 	/System/Library/PrivateFrameworks/Symbolication.framework/Versions/A/Symbolication
0x0000000001739000 	/System/Library/PrivateFrameworks/SpeechRecognitionCore.framework/Versions/A/SpeechRecognitionCore
0x0000000106200000 	/Library/Java/JavaVirtualMachines/jdk1.8.0_20.jdk/Contents/Home/jre/lib/server/libjvm.dylib
0x0000000001739000 	/usr/lib/libstdc++.6.dylib
0x00000001059f1000 	/Library/Java/JavaVirtualMachines/jdk1.8.0_20.jdk/Contents/Home/jre/lib/libverify.dylib
0x000000010711b000 	/Library/Java/JavaVirtualMachines/jdk1.8.0_20.jdk/Contents/Home/jre/lib/libjava.dylib
0x0000000107158000 	/Library/Java/JavaVirtualMachines/jdk1.8.0_20.jdk/Contents/Home/jre/lib/libzip.dylib
0x00000001dd3e9000 	/System/Library/Frameworks/JavaVM.framework/Frameworks/JavaRuntimeSupport.framework/JavaRuntimeSupport
0x00000001dd401000 	/System/Library/Frameworks/JavaVM.framework/Versions/A/Frameworks/JavaNativeFoundation.framework/Versions/A/JavaNativeFoundation
0x00000001165ed000 	/System/Library/Frameworks/JavaVM.framework/Versions/A/JavaVM
0x0000000001739000 	/System/Library/Frameworks/Carbon.framework/Versions/A/Carbon
0x00000001dd416000 	/System/Library/PrivateFrameworks/JavaLaunching.framework/Versions/A/JavaLaunching
0x0000000001739000 	/System/Library/Frameworks/Carbon.framework/Versions/A/Frameworks/CommonPanels.framework/Versions/A/CommonPanels
0x0000000001739000 	/System/Library/Frameworks/Carbon.framework/Versions/A/Frameworks/Help.framework/Versions/A/Help
0x0000000001739000 	/System/Library/Frameworks/Carbon.framework/Versions/A/Frameworks/ImageCapture.framework/Versions/A/ImageCapture
0x0000000001739000 	/System/Library/Frameworks/Carbon.framework/Versions/A/Frameworks/OpenScripting.framework/Versions/A/OpenScripting
0x0000000001739000 	/System/Library/Frameworks/Carbon.framework/Versions/A/Frameworks/Print.framework/Versions/A/Print
0x0000000001739000 	/System/Library/Frameworks/Carbon.framework/Versions/A/Frameworks/SecurityHI.framework/Versions/A/SecurityHI
0x00000001df402000 	/Library/Java/JavaVirtualMachines/jdk1.8.0_20.jdk/Contents/Home/jre/lib/libprism_es2.dylib
0x0000000001739000 	/System/Library/Frameworks/OpenGL.framework/Versions/A/Resources/GLEngine.bundle/GLEngine
0x0000000001739000 	/System/Library/Frameworks/OpenGL.framework/Versions/A/Libraries/libGLProgrammability.dylib
0x0000000000000000 	/System/Library/Extensions/AppleIntelHD5000GraphicsGLDriver.bundle/Contents/MacOS/AppleIntelHD5000GraphicsGLDriver
0x0000000001739000 	/System/Library/PrivateFrameworks/IOAccelerator.framework/Versions/A/IOAccelerator
0x0000000001739000 	/System/Library/PrivateFrameworks/GPUSupport.framework/Versions/A/Libraries/libGPUSupportMercury.dylib
0x0000000001739000 	/System/Library/Frameworks/OpenGL.framework/Versions/A/Resources/GLRendererFloat.bundle/GLRendererFloat
0x0000000001739000 	/System/Library/Frameworks/OpenCL.framework/Versions/A/Libraries/libcldcpuengine.dylib
0x0000000001739000 	/System/Library/PrivateFrameworks/DiskImages.framework/Versions/A/DiskImages
0x0000000001739000 	/System/Library/Frameworks/DiscRecording.framework/Versions/A/DiscRecording
0x0000000001739000 	/usr/lib/libcsfde.dylib
0x0000000001739000 	/usr/lib/libcurl.4.dylib
0x0000000001739000 	/System/Library/PrivateFrameworks/MediaKit.framework/Versions/A/MediaKit
0x0000000001739000 	/System/Library/PrivateFrameworks/ProtectedCloudStorage.framework/Versions/A/ProtectedCloudStorage
0x0000000001739000 	/usr/lib/libCoreStorage.dylib
0x0000000001739000 	/System/Library/PrivateFrameworks/EFILogin.framework/Versions/A/EFILogin
0x0000000001739000 	/usr/lib/libutil.dylib
0x0000000001739000 	/System/Library/PrivateFrameworks/FindMyDevice.framework/Versions/A/FindMyDevice
0x0000000001739000 	/System/Library/Frameworks/LDAP.framework/Versions/A/LDAP
0x0000000001739000 	/usr/lib/libsasl2.2.dylib
0x0000000001739000 	/System/Library/PrivateFrameworks/CoreDaemon.framework/Versions/B/CoreDaemon
0x0000000001739000 	/usr/lib/libcrypto.0.9.8.dylib
0x0000000001739000 	/System/Library/PrivateFrameworks/AppleSRP.framework/Versions/A/AppleSRP
0x0000000001739000 	/System/Library/PrivateFrameworks/TrustEvaluationAgent.framework/Versions/A/TrustEvaluationAgent
0x00000001df8ae000 	/Library/Java/JavaVirtualMachines/jdk1.8.0_20.jdk/Contents/Home/jre/lib/libglass.dylib
0x0000000001739000 	/System/Library/PrivateFrameworks/CoreServicesInternal.framework/Versions/A/CoreServicesInternal
0x0000000001739000 	/System/Library/PrivateFrameworks/CloudDocs.framework/Versions/A/CloudDocs
0x0000000001739000 	/System/Library/PrivateFrameworks/CoreDuet.framework/Versions/A/CoreDuet
0x0000000001739000 	/System/Library/Frameworks/CloudKit.framework/Versions/A/CloudKit
0x0000000001739000 	/System/Library/PrivateFrameworks/ProtocolBuffer.framework/Versions/A/ProtocolBuffer
0x0000000001739000 	/System/Library/PrivateFrameworks/CoreDuetDaemonProtocol.framework/Versions/A/CoreDuetDaemonProtocol
0x0000000001739000 	/System/Library/PrivateFrameworks/CoreDuetDebugLogging.framework/Versions/A/CoreDuetDebugLogging
0x0000000001739000 	/System/Library/Frameworks/CoreLocation.framework/Versions/A/CoreLocation
0x0000000001739000 	/System/Library/Frameworks/Accounts.framework/Versions/A/Accounts
0x0000000001739000 	/System/Library/PrivateFrameworks/ApplePushService.framework/Versions/A/ApplePushService
0x0000000001739000 	/System/Library/PrivateFrameworks/GeoServices.framework/Versions/A/GeoServices
0x0000000001739000 	/System/Library/PrivateFrameworks/OAuth.framework/Versions/A/OAuth
0x0000000001739000 	/System/Library/Frameworks/CoreGraphics.framework/Versions/A/Resources/libCGCMS.A.dylib
0x0000000001739000 	/System/Library/CoreServices/RawCamera.bundle/Contents/MacOS/RawCamera
0x0000000001739000 	/System/Library/Frameworks/CoreGraphics.framework/Versions/A/Resources/libRIP.A.dylib
0x0000000001739000 	/System/Library/PrivateFrameworks/FamilyControls.framework/Versions/A/FamilyControls
0x0000000001739000 	/System/Library/PrivateFrameworks/CommerceKit.framework/Versions/A/Frameworks/CommerceCore.framework/Versions/A/CommerceCore
0x0000000001739000 	/System/Library/PrivateFrameworks/SystemAdministration.framework/Versions/A/SystemAdministration
0x0000000001739000 	/System/Library/PrivateFrameworks/AppContainer.framework/Versions/A/AppContainer
0x0000000001739000 	/System/Library/PrivateFrameworks/SecCodeWrapper.framework/Versions/A/SecCodeWrapper
0x0000000001739000 	/System/Library/Frameworks/DirectoryService.framework/Versions/A/DirectoryService
0x0000000001739000 	/System/Library/PrivateFrameworks/LoginUIKit.framework/Versions/A/Frameworks/LoginUICore.framework/Versions/A/LoginUICore
0x0000000001739000 	/usr/lib/libodfde.dylib
0x00000001e39fe000 	/Library/Java/JavaVirtualMachines/jdk1.8.0_20.jdk/Contents/Home/jre/lib/libjavafx_font.dylib
0x0000000001739000 	/System/Library/Frameworks/CoreGraphics.framework/Versions/A/Resources/libCGXType.A.dylib
0x00000001e630d000 	/Library/Java/JavaVirtualMachines/jdk1.8.0_20.jdk/Contents/Home/jre/lib/libprism_common.dylib
0x00000001e7b64000 	cl_kernels
0x00000001e7b86000 	/System/Library/Frameworks/OpenCL.framework/Versions/A/Libraries/ImageFormats/unorm8_bgra.dylib
0x00000001e7b66000 	cl_kernels
0x00000001e1199000 	/Library/Java/JavaVirtualMachines/jdk1.8.0_20.jdk/Contents/Home/jre/lib/libnet.dylib

VM Arguments:
jvm_args: -Dfile.encoding=UTF-8 
java_command: bank.gui.BankierClient
java_class_path (initial): /Users/Eric/git/GSO31-JenE/BankierenNoObserverFX/dist/BankierenNoObserverFX.jar:/Library/Java/JavaVirtualMachines/jdk1.8.0_20.jdk/Contents/Home/jre/lib/javaws.jar:/Library/Java/JavaVirtualMachines/jdk1.8.0_20.jdk/Contents/Home/jre/lib/deploy.jar:/Library/Java/JavaVirtualMachines/jdk1.8.0_20.jdk/Contents/Home/jre/lib/plugin.jar:/Users/Eric/git/GSO31-JenE/BankierenNoObserverFX/FontysObserver.jar:/Users/Eric/git/GSO31-JenE/BankierenNoObserverFX/build/classes
Launcher Type: SUN_STANDARD

Environment Variables:
PATH=/usr/bin:/bin:/usr/sbin:/sbin
LD_LIBRARY_PATH=/Library/Java/JavaVirtualMachines/jdk1.8.0_20.jdk/Contents/Home/jre/lib/amd64:/Library/Java/JavaVirtualMachines/jdk1.8.0_20.jdk/Contents/Home/jre/lib/i386:
SHELL=/bin/bash
DYLD_LIBRARY_PATH=/Applications/NetBeans/NetBeans 8.0.app/Contents/Resources/NetBeans/webcommon/bin:

Signal Handlers:
SIGSEGV: [libjvm.dylib+0x578fd7], sa_mask[0]=11111111011111110111111111111111, sa_flags=SA_ONSTACK|SA_RESTART|SA_SIGINFO
SIGBUS: [libjvm.dylib+0x578fd7], sa_mask[0]=11111111011111110111111111111111, sa_flags=SA_RESTART|SA_SIGINFO
SIGFPE: [libjvm.dylib+0x45ab0c], sa_mask[0]=11111111011111110111111111111111, sa_flags=SA_RESTART|SA_SIGINFO
SIGPIPE: [libjvm.dylib+0x45ab0c], sa_mask[0]=11111111011111110111111111111111, sa_flags=SA_RESTART|SA_SIGINFO
SIGXFSZ: [libjvm.dylib+0x45ab0c], sa_mask[0]=11111111011111110111111111111111, sa_flags=SA_RESTART|SA_SIGINFO
SIGILL: [libjvm.dylib+0x45ab0c], sa_mask[0]=11111111011111110111111111111111, sa_flags=SA_RESTART|SA_SIGINFO
SIGUSR1: SIG_DFL, sa_mask[0]=00000000000000000000000000000000, sa_flags=none
SIGUSR2: [libjvm.dylib+0x45a62a], sa_mask[0]=00100000000000000000000000000000, sa_flags=SA_RESTART|SA_SIGINFO
SIGHUP: [libjvm.dylib+0x458bfd], sa_mask[0]=11111111011111110111111111111111, sa_flags=SA_RESTART|SA_SIGINFO
SIGINT: SIG_IGN, sa_mask[0]=00000000000000000000000000000000, sa_flags=none
SIGTERM: [libjvm.dylib+0x458bfd], sa_mask[0]=11111111011111110111111111111111, sa_flags=SA_RESTART|SA_SIGINFO
SIGQUIT: [libjvm.dylib+0x458bfd], sa_mask[0]=11111111011111110111111111111111, sa_flags=SA_RESTART|SA_SIGINFO


---------------  S Y S T E M  ---------------

OS:Bsduname:Darwin 14.0.0 Darwin Kernel Version 14.0.0: Fri Sep 19 00:26:44 PDT 2014; root:xnu-2782.1.97~2/RELEASE_X86_64 x86_64
rlimit: STACK 8192k, CORE 0k, NPROC 709, NOFILE 10240, AS infinity
load average:1.86 2.22 2.03

CPU:total 4 (2 cores per cpu, 2 threads per core) family 6 model 69 stepping 1, cmov, cx8, fxsr, mmx, sse, sse2, sse3, ssse3, sse4.1, sse4.2, popcnt, avx, avx2, aes, clmul, erms, lzcnt, ht, tsc, tscinvbit, bmi1, bmi2

Memory: 4k page, physical 8388608k(269192k free)

/proc/meminfo:


vm_info: Java HotSpot(TM) 64-Bit Server VM (25.20-b23) for bsd-amd64 JRE (1.8.0_20-b26), built on Jul 30 2014 13:37:47 by "java_re" with gcc 4.2.1 (Based on Apple Inc. build 5658) (LLVM build 2336.9.00)

time: Sun Jan  4 18:35:15 2015
elapsed time: 131 seconds (0d 0h 2m 11s)

