#
# A fatal error has been detected by the Java Runtime Environment:
#
#  SIGSEGV (0xb) at pc=0x00000001263ef3fd, pid=2459, tid=1811
#
# JRE version: Java(TM) SE Runtime Environment (8.0_20-b26) (build 1.8.0_20-b26)
# Java VM: Java HotSpot(TM) 64-Bit Server VM (25.20-b23 mixed mode bsd-amd64 compressed oops)
# Problematic frame:
# C  [libglass.dylib+0x163fd]  GlassScreenDidChangeScreenParameters+0x9d
#
# Failed to write core dump. Core dumps have been disabled. To enable core dumping, try "ulimit -c unlimited" before starting Java again
#
# If you would like to submit a bug report, please visit:
#   http://bugreport.sun.com/bugreport/crash.jsp
#

---------------  T H R E A D  ---------------

Current thread is native thread

siginfo: si_signo: 11 (SIGSEGV), si_code: 1 (SEGV_MAPERR), si_addr: 0x0000000000000000

Registers:
RAX=0x0000000126421e40, RBX=0x0000000000000000, RCX=0x1600f731e8866db1, RDX=0x00007f8f13b20730
RSP=0x00007fff536f8010, RBP=0x00007fff536f8020, RSI=0x00007f8f116050c8, RDI=0x0000000000000000
R8 =0x00007fff536f7ec0, R9 =0x00007fff76ff5300, R10=0x0000000000000000, R11=0x0000000000000246
R12=0x00007f8f1160ade0, R13=0x00000000000f4268, R14=0x00007f8f1149b9c0, R15=0x00007fff536f8160
RIP=0x00000001263ef3fd, EFLAGS=0x0000000000010206, ERR=0x0000000000000004
  TRAPNO=0x000000000000000e

Top of Stack: (sp=0x00007fff536f8010)
0x00007fff536f8010:   00007fff536f81f0 00007f8f1149b9c0
0x00007fff536f8020:   00007fff536f8030 00007fff8c6f6cbc
0x00007fff536f8030:   00007fff536f8390 00007fff8c5e81b4
0x00007fff536f8040:   00007f8f16809a00 0000000000000a00
0x00007fff536f8050:   000000010c51f000 00007f8f13ffc080
0x00007fff536f8060:   0000000000001001 0000000000000ba0
0x00007fff536f8070:   0000000000000004 00007f8f1149b9c0
0x00007fff536f8080:   0000000000000000 00007fff536f8160
0x00007fff536f8090:   0000000000000000 00007f8f1148bd00
0x00007fff536f80a0:   00007fff536f81e0 000000000000007c
0x00007fff536f80b0:   00000000000f43cf 00007f8f1176bcb0
0x00007fff536f80c0:   00007f8f11475260 00007f8f1160ade0
0x00007fff536f80d0:   0000000000000001 00000000000f4268
0x00007fff536f80e0:   00007f8f1160add0 00007fff8c42dacb
0x00007fff536f80f0:   0000000000000001 0000000000000001
0x00007fff536f8100:   0000000000000030 0000000000000001
0x00007fff536f8110:   00007fff536f8130 00007fff8c433231
0x00007fff536f8120:   00007fff7779ddd0 0000000000000000
0x00007fff536f8130:   00007fff536f8150 0000000000000014
0x00007fff536f8140:   000e3b0300000000 00007f8f1160ae04
0x00007fff536f8150:   0000000000000000 00007fff8c5ddc8f
0x00007fff536f8160:   00007f8f1149b9c0 00007fff7779ddd0
0x00007fff536f8170:   00007fff536f81f0 00007fff8c5e67bf
0x00007fff536f8180:   00007f8f13a050d0 00007f8f1148cc70
0x00007fff536f8190:   000000010c522a00 0000000000000002
0x00007fff536f81a0:   000000010c51f000 00007f8f13e2b542
0x00007fff536f81b0:   0000000000000003 000000010c523400
0x00007fff536f81c0:   00007fff536f82b0 00007fff8c42c2a2
0x00007fff536f81d0:   00007f8f11474df0 00007fff536f8398
0x00007fff536f81e0:   0000000000000017 0000000000000000
0x00007fff536f81f0:   00000000000f4268 00007fff8c5ddf83
0x00007fff536f8200:   00007fff00000000 00007f8f1147b7f0 

Instructions: (pc=0x00000001263ef3fd)
0x00000001263ef3dd:   89 df 4c 89 f1 41 ff 90 68 04 00 00 48 8d 05 58
0x00000001263ef3ed:   29 03 00 48 8b 30 48 8d 05 46 2a 03 00 48 8b 10
0x00000001263ef3fd:   48 8b 0b 30 c0 48 89 df ff 91 68 04 00 00 48 8b
0x00000001263ef40d:   03 48 89 df ff 50 78 48 85 c0 74 36 49 89 c6 48 

Register to memory mapping:

RAX=0x0000000126421e40: jScreenNotifySettingsChanged+0 in /Library/Java/JavaVirtualMachines/jdk1.8.0_20.jdk/Contents/Home/jre/lib/libglass.dylib at 0x00000001263d9000
RBX=0x0000000000000000 is an unknown value
RCX=0x1600f731e8866db1 is an unknown value
RDX=0x00007f8f13b20730 is an unknown value
RSP=0x00007fff536f8010 is an unknown value
RBP=0x00007fff536f8020 is an unknown value
RSI=0x00007f8f116050c8 is a global jni handle
RDI=0x0000000000000000 is an unknown value
R8 =0x00007fff536f7ec0 is an unknown value
R9 =0x00007fff76ff5300: _thread+0 in /usr/lib/system/libsystem_pthread.dylib at 0x00007fff89855000
R10=0x0000000000000000 is an unknown value
R11=0x0000000000000246 is an unknown value
R12=0x00007f8f1160ade0 is an unknown value
R13=0x00000000000f4268 is an unknown value
R14=0x00007f8f1149b9c0 is an unknown value
R15=0x00007fff536f8160 is an unknown value


Stack: [0x00007fff52efb000,0x00007fff536fb000],  sp=0x00007fff536f8010,  free space=8180k
Native frames: (J=compiled Java code, j=interpreted, Vv=VM code, C=native code)
C  [libglass.dylib+0x163fd]  GlassScreenDidChangeScreenParameters+0x9d
C  [CoreFoundation+0x11ecbc]  __CFNOTIFICATIONCENTER_IS_CALLING_OUT_TO_AN_OBSERVER__+0xc
C  [CoreFoundation+0x101b4]  _CFXNotificationPost+0xc44
C  [Foundation+0x2ea1]  -[NSNotificationCenter postNotificationName:object:userInfo:]+0x42
C  [AppKit+0x362dee]  -[NSApplication _reactToScreenInvalidationImmediately:]+0x17b
C  [AppKit+0x362c2d]  __44-[NSApplication _reactToScreenInvalidation:]_block_invoke+0x4b
C  [CoreFoundation+0x8054c]  __CFRUNLOOP_IS_CALLING_OUT_TO_A_BLOCK__+0xc
C  [CoreFoundation+0x72655]  __CFRunLoopDoBlocks+0x155
C  [CoreFoundation+0x72196]  __CFRunLoopRun+0x716
C  [CoreFoundation+0x71838]  CFRunLoopRunSpecific+0x128
C  [java+0x56cc]  CreateExecutionEnvironment+0x367
C  [java+0x165c]  JLI_Launch+0x7a0
C  [java+0x768a]  main+0x65
C  [java+0xeb4]  start+0x34


---------------  P R O C E S S  ---------------

VM state:not at safepoint (normal execution)

VM Mutex/Monitor currently owned by a thread: None

Heap:
 PSYoungGen      total 38400K, used 18088K [0x0000000795580000, 0x0000000798000000, 0x00000007c0000000)
  eden space 33280K, 50% used [0x0000000795580000,0x00000007965ea068,0x0000000797600000)
  from space 5120K, 25% used [0x0000000797600000,0x0000000797740000,0x0000000797b00000)
  to   space 5120K, 0% used [0x0000000797b00000,0x0000000797b00000,0x0000000798000000)
 ParOldGen       total 87552K, used 7271K [0x0000000740000000, 0x0000000745580000, 0x0000000795580000)
  object space 87552K, 8% used [0x0000000740000000,0x0000000740719f40,0x0000000745580000)
 Metaspace       used 21112K, capacity 22304K, committed 22400K, reserved 1069056K
  class space    used 2921K, capacity 3149K, committed 3200K, reserved 1048576K

Card table byte_map: [0x000000011d2c3000,0x000000011d6c4000] byte_map_base: 0x00000001198c3000

Marking Bits: (ParMarkBitMap*) 0x000000010ce9f330
 Begin Bits: [0x000000011dd7b000, 0x000000011fd7b000)
 End Bits:   [0x000000011fd7b000, 0x0000000121d7b000)

Polling page: 0x000000010d577000

CodeCache: size=245760Kb used=10240Kb max_used=10333Kb free=235519Kb
 bounds [0x000000010df03000, 0x000000010e943000, 0x000000011cf03000]
 total_blobs=3921 nmethods=3253 adapters=581
 compilation: enabled

Compilation events (10 events):
Event: 328.611 Thread 0x00007f8f1184a800 nmethod 3542 0x000000010e0bbe90 code [0x000000010e0bc060, 0x000000010e0bc748]
Event: 328.611 Thread 0x00007f8f1184a000 nmethod 3541 0x000000010e318410 code [0x000000010e318560, 0x000000010e318638]
Event: 328.611 Thread 0x00007f8f1184a800 3543       3       java.io.ObjectOutputStream$BlockDataOutputStream::writeByte (33 bytes)
Event: 328.612 Thread 0x00007f8f1184a800 nmethod 3543 0x000000010e19eb10 code [0x000000010e19ec80, 0x000000010e19eea8]
Event: 328.613 Thread 0x00007f8f1184a800 3544       3       java.io.Bits::getShort (18 bytes)
Event: 328.613 Thread 0x00007f8f1184a800 nmethod 3544 0x000000010e0217d0 code [0x000000010e021940, 0x000000010e021ad0]
Event: 328.613 Thread 0x00007f8f1184a800 3545       3       java.lang.AbstractStringBuilder::append (40 bytes)
Event: 328.614 Thread 0x00007f8f1184a800 nmethod 3545 0x000000010e2c73d0 code [0x000000010e2c7560, 0x000000010e2c7958]
Event: 328.765 Thread 0x00007f8f1184a800 3546       3       java.io.ObjectOutputStream$BlockDataOutputStream::setBlockDataMode (35 bytes)
Event: 328.765 Thread 0x00007f8f1184a800 nmethod 3546 0x000000010e1c66d0 code [0x000000010e1c6840, 0x000000010e1c6aa8]

GC Heap History (8 events):
Event: 1.669 GC heap before
{Heap before GC invocations=1 (full 0):
 PSYoungGen      total 38400K, used 33280K [0x0000000795580000, 0x0000000798000000, 0x00000007c0000000)
  eden space 33280K, 100% used [0x0000000795580000,0x0000000797600000,0x0000000797600000)
  from space 5120K, 0% used [0x0000000797b00000,0x0000000797b00000,0x0000000798000000)
  to   space 5120K, 0% used [0x0000000797600000,0x0000000797600000,0x0000000797b00000)
 ParOldGen       total 87552K, used 0K [0x0000000740000000, 0x0000000745580000, 0x0000000795580000)
  object space 87552K, 0% used [0x0000000740000000,0x0000000740000000,0x0000000745580000)
 Metaspace       used 14478K, capacity 15066K, committed 15232K, reserved 1062912K
  class space    used 2033K, capacity 2169K, committed 2176K, reserved 1048576K
Event: 1.681 GC heap after
Heap after GC invocations=1 (full 0):
 PSYoungGen      total 38400K, used 4704K [0x0000000795580000, 0x0000000798000000, 0x00000007c0000000)
  eden space 33280K, 0% used [0x0000000795580000,0x0000000795580000,0x0000000797600000)
  from space 5120K, 91% used [0x0000000797600000,0x0000000797a98040,0x0000000797b00000)
  to   space 5120K, 0% used [0x0000000797b00000,0x0000000797b00000,0x0000000798000000)
 ParOldGen       total 87552K, used 80K [0x0000000740000000, 0x0000000745580000, 0x0000000795580000)
  object space 87552K, 0% used [0x0000000740000000,0x0000000740014010,0x0000000745580000)
 Metaspace       used 14478K, capacity 15066K, committed 15232K, reserved 1062912K
  class space    used 2033K, capacity 2169K, committed 2176K, reserved 1048576K
}
Event: 3.633 GC heap before
{Heap before GC invocations=2 (full 0):
 PSYoungGen      total 38400K, used 15340K [0x0000000795580000, 0x0000000798000000, 0x00000007c0000000)
  eden space 33280K, 31% used [0x0000000795580000,0x0000000795fe30f8,0x0000000797600000)
  from space 5120K, 91% used [0x0000000797600000,0x0000000797a98040,0x0000000797b00000)
  to   space 5120K, 0% used [0x0000000797b00000,0x0000000797b00000,0x0000000798000000)
 ParOldGen       total 87552K, used 80K [0x0000000740000000, 0x0000000745580000, 0x0000000795580000)
  object space 87552K, 0% used [0x0000000740000000,0x0000000740014010,0x0000000745580000)
 Metaspace       used 17555K, capacity 18406K, committed 18560K, reserved 1064960K
  class space    used 2477K, capacity 2656K, committed 2688K, reserved 1048576K
Event: 3.646 GC heap after
Heap after GC invocations=2 (full 0):
 PSYoungGen      total 38400K, used 5108K [0x0000000795580000, 0x0000000798000000, 0x00000007c0000000)
  eden space 33280K, 0% used [0x0000000795580000,0x0000000795580000,0x0000000797600000)
  from space 5120K, 99% used [0x0000000797b00000,0x0000000797ffd050,0x0000000798000000)
  to   space 5120K, 0% used [0x0000000797600000,0x0000000797600000,0x0000000797b00000)
 ParOldGen       total 87552K, used 2328K [0x0000000740000000, 0x0000000745580000, 0x0000000795580000)
  object space 87552K, 2% used [0x0000000740000000,0x0000000740246340,0x0000000745580000)
 Metaspace       used 17555K, capacity 18406K, committed 18560K, reserved 1064960K
  class space    used 2477K, capacity 2656K, committed 2688K, reserved 1048576K
}
Event: 3.646 GC heap before
{Heap before GC invocations=3 (full 1):
 PSYoungGen      total 38400K, used 5108K [0x0000000795580000, 0x0000000798000000, 0x00000007c0000000)
  eden space 33280K, 0% used [0x0000000795580000,0x0000000795580000,0x0000000797600000)
  from space 5120K, 99% used [0x0000000797b00000,0x0000000797ffd050,0x0000000798000000)
  to   space 5120K, 0% used [0x0000000797600000,0x0000000797600000,0x0000000797b00000)
 ParOldGen       total 87552K, used 2328K [0x0000000740000000, 0x0000000745580000, 0x0000000795580000)
  object space 87552K, 2% used [0x0000000740000000,0x0000000740246340,0x0000000745580000)
 Metaspace       used 17555K, capacity 18406K, committed 18560K, reserved 1064960K
  class space    used 2477K, capacity 2656K, committed 2688K, reserved 1048576K
Event: 3.696 GC heap after
Heap after GC invocations=3 (full 1):
 PSYoungGen      total 38400K, used 0K [0x0000000795580000, 0x0000000798000000, 0x00000007c0000000)
  eden space 33280K, 0% used [0x0000000795580000,0x0000000795580000,0x0000000797600000)
  from space 5120K, 0% used [0x0000000797b00000,0x0000000797b00000,0x0000000798000000)
  to   space 5120K, 0% used [0x0000000797600000,0x0000000797600000,0x0000000797b00000)
 ParOldGen       total 87552K, used 7271K [0x0000000740000000, 0x0000000745580000, 0x0000000795580000)
  object space 87552K, 8% used [0x0000000740000000,0x0000000740719f40,0x0000000745580000)
 Metaspace       used 17553K, capacity 18404K, committed 18560K, reserved 1064960K
  class space    used 2476K, capacity 2655K, committed 2688K, reserved 1048576K
}
Event: 28.673 GC heap before
{Heap before GC invocations=4 (full 1):
 PSYoungGen      total 38400K, used 33280K [0x0000000795580000, 0x0000000798000000, 0x00000007c0000000)
  eden space 33280K, 100% used [0x0000000795580000,0x0000000797600000,0x0000000797600000)
  from space 5120K, 0% used [0x0000000797b00000,0x0000000797b00000,0x0000000798000000)
  to   space 5120K, 0% used [0x0000000797600000,0x0000000797600000,0x0000000797b00000)
 ParOldGen       total 87552K, used 7271K [0x0000000740000000, 0x0000000745580000, 0x0000000795580000)
  object space 87552K, 8% used [0x0000000740000000,0x0000000740719f40,0x0000000745580000)
 Metaspace       used 20374K, capacity 21530K, committed 21632K, reserved 1067008K
  class space    used 2875K, capacity 3124K, committed 3200K, reserved 1048576K
Event: 28.675 GC heap after
Heap after GC invocations=4 (full 1):
 PSYoungGen      total 38400K, used 1280K [0x0000000795580000, 0x0000000798000000, 0x00000007c0000000)
  eden space 33280K, 0% used [0x0000000795580000,0x0000000795580000,0x0000000797600000)
  from space 5120K, 25% used [0x0000000797600000,0x0000000797740000,0x0000000797b00000)
  to   space 5120K, 0% used [0x0000000797b00000,0x0000000797b00000,0x0000000798000000)
 ParOldGen       total 87552K, used 7271K [0x0000000740000000, 0x0000000745580000, 0x0000000795580000)
  object space 87552K, 8% used [0x0000000740000000,0x0000000740719f40,0x0000000745580000)
 Metaspace       used 20374K, capacity 21530K, committed 21632K, reserved 1067008K
  class space    used 2875K, capacity 3124K, committed 3200K, reserved 1048576K
}

Deoptimization events (10 events):
Event: 28.611 Thread 0x00007f8f119a4800 Uncommon trap: reason=bimorphic action=maybe_recompile pc=0x000000010e43b0cc method=java.util.HashMap.putVal(ILjava/lang/Object;Ljava/lang/Object;ZZ)Ljava/lang/Object; @ 203
Event: 28.616 Thread 0x00007f8f119a4800 Uncommon trap: reason=class_check action=maybe_recompile pc=0x000000010e5cb7c8 method=java.util.WeakHashMap.eq(Ljava/lang/Object;Ljava/lang/Object;)Z @ 7
Event: 28.705 Thread 0x00007f8f119a4800 Uncommon trap: reason=class_check action=maybe_recompile pc=0x000000010e4cb604 method=javafx.scene.CssStyleHelper.lookup(Ljavafx/css/Styleable;Ljavafx/css/CssMetaData;Lcom/sun/javafx/css/StyleMap;Ljava/util/Set;Ljavafx/css/Styleable;Lcom/sun/javafx/css/Ca
Event: 28.788 Thread 0x00007f8f119a4800 Uncommon trap: reason=class_check action=maybe_recompile pc=0x000000010e4cb604 method=javafx.scene.CssStyleHelper.lookup(Ljavafx/css/Styleable;Ljavafx/css/CssMetaData;Lcom/sun/javafx/css/StyleMap;Ljava/util/Set;Ljavafx/css/Styleable;Lcom/sun/javafx/css/Ca
Event: 109.125 Thread 0x00007f8f119a4800 Uncommon trap: reason=class_check action=maybe_recompile pc=0x000000010e4cb604 method=javafx.scene.CssStyleHelper.lookup(Ljavafx/css/Styleable;Ljavafx/css/CssMetaData;Lcom/sun/javafx/css/StyleMap;Ljava/util/Set;Ljavafx/css/Styleable;Lcom/sun/javafx/css/Ca
Event: 110.826 Thread 0x00007f8f119a4800 Uncommon trap: reason=class_check action=maybe_recompile pc=0x000000010e4cb604 method=javafx.scene.CssStyleHelper.lookup(Ljavafx/css/Styleable;Ljavafx/css/CssMetaData;Lcom/sun/javafx/css/StyleMap;Ljava/util/Set;Ljavafx/css/Styleable;Lcom/sun/javafx/css/Ca
Event: 110.954 Thread 0x00007f8f119a4800 Uncommon trap: reason=array_check action=maybe_recompile pc=0x000000010e85f5f4 method=com.sun.javafx.css.CompoundSelector.applies(Ljavafx/css/Styleable;[Ljava/util/Set;I)Z @ 128
Event: 110.954 Thread 0x00007f8f119a4800 Uncommon trap: reason=array_check action=maybe_recompile pc=0x000000010e85f5f4 method=com.sun.javafx.css.CompoundSelector.applies(Ljavafx/css/Styleable;[Ljava/util/Set;I)Z @ 128
Event: 110.955 Thread 0x00007f8f119a4800 Uncommon trap: reason=array_check action=maybe_recompile pc=0x000000010e85f5f4 method=com.sun.javafx.css.CompoundSelector.applies(Ljavafx/css/Styleable;[Ljava/util/Set;I)Z @ 128
Event: 110.955 Thread 0x00007f8f119a4800 Uncommon trap: reason=array_check action=maybe_recompile pc=0x000000010e85f5f4 method=com.sun.javafx.css.CompoundSelector.applies(Ljavafx/css/Styleable;[Ljava/util/Set;I)Z @ 128

Internal exceptions (10 events):
Event: 110.932 Thread 0x00007f8f119a4800 Exception <a 'java/security/PrivilegedActionException'> (0x0000000796354b28) thrown at [/HUDSON3/workspace/8-2-build-macosx-x86_64/jdk8u20/1074/hotspot/src/share/vm/prims/jvm.cpp, line 1275]
Event: 110.932 Thread 0x00007f8f119a4800 Exception <a 'java/security/PrivilegedActionException'> (0x0000000796356808) thrown at [/HUDSON3/workspace/8-2-build-macosx-x86_64/jdk8u20/1074/hotspot/src/share/vm/prims/jvm.cpp, line 1275]
Event: 110.932 Thread 0x00007f8f119a4800 Exception <a 'java/security/PrivilegedActionException'> (0x0000000796357fa8) thrown at [/HUDSON3/workspace/8-2-build-macosx-x86_64/jdk8u20/1074/hotspot/src/share/vm/prims/jvm.cpp, line 1275]
Event: 110.932 Thread 0x00007f8f119a4800 Exception <a 'java/security/PrivilegedActionException'> (0x0000000796359ae0) thrown at [/HUDSON3/workspace/8-2-build-macosx-x86_64/jdk8u20/1074/hotspot/src/share/vm/prims/jvm.cpp, line 1275]
Event: 110.932 Thread 0x00007f8f119a4800 Exception <a 'java/security/PrivilegedActionException'> (0x000000079635b240) thrown at [/HUDSON3/workspace/8-2-build-macosx-x86_64/jdk8u20/1074/hotspot/src/share/vm/prims/jvm.cpp, line 1275]
Event: 110.932 Thread 0x00007f8f119a4800 Exception <a 'java/security/PrivilegedActionException'> (0x000000079635cd78) thrown at [/HUDSON3/workspace/8-2-build-macosx-x86_64/jdk8u20/1074/hotspot/src/share/vm/prims/jvm.cpp, line 1275]
Event: 110.932 Thread 0x00007f8f119a4800 Exception <a 'java/security/PrivilegedActionException'> (0x000000079635e518) thrown at [/HUDSON3/workspace/8-2-build-macosx-x86_64/jdk8u20/1074/hotspot/src/share/vm/prims/jvm.cpp, line 1275]
Event: 110.932 Thread 0x00007f8f119a4800 Exception <a 'java/security/PrivilegedActionException'> (0x0000000796360050) thrown at [/HUDSON3/workspace/8-2-build-macosx-x86_64/jdk8u20/1074/hotspot/src/share/vm/prims/jvm.cpp, line 1275]
Event: 110.932 Thread 0x00007f8f119a4800 Exception <a 'java/security/PrivilegedActionException'> (0x000000079637ce20) thrown at [/HUDSON3/workspace/8-2-build-macosx-x86_64/jdk8u20/1074/hotspot/src/share/vm/prims/jvm.cpp, line 1275]
Event: 110.932 Thread 0x00007f8f119a4800 Exception <a 'java/security/PrivilegedActionException'> (0x000000079637ea68) thrown at [/HUDSON3/workspace/8-2-build-macosx-x86_64/jdk8u20/1074/hotspot/src/share/vm/prims/jvm.cpp, line 1275]

Events (10 events):
Event: 328.763 Thread 0x00007f8f120e1800 Thread added: 0x00007f8f120e1800
Event: 328.763 Executing VM operation: RevokeBias
Event: 328.763 Executing VM operation: RevokeBias done
Event: 343.619 Executing VM operation: RevokeBias
Event: 343.619 Executing VM operation: RevokeBias done
Event: 343.619 Executing VM operation: RevokeBias
Event: 343.619 Executing VM operation: RevokeBias done
Event: 343.619 Executing VM operation: RevokeBias
Event: 343.619 Executing VM operation: RevokeBias done
Event: 403.776 Thread 0x00007f8f120e1800 Thread exited: 0x00007f8f120e1800


Dynamic libraries:
0x0000000006827000 	/System/Library/Frameworks/Cocoa.framework/Versions/A/Cocoa
0x0000000006827000 	/System/Library/Frameworks/Security.framework/Versions/A/Security
0x0000000006827000 	/System/Library/Frameworks/ApplicationServices.framework/Versions/A/ApplicationServices
0x0000000006827000 	/usr/lib/libz.1.dylib
0x0000000006827000 	/usr/lib/libSystem.B.dylib
0x0000000006827000 	/usr/lib/libobjc.A.dylib
0x0000000006827000 	/System/Library/Frameworks/CoreFoundation.framework/Versions/A/CoreFoundation
0x0000000006827000 	/System/Library/Frameworks/Foundation.framework/Versions/C/Foundation
0x0000000006827000 	/System/Library/Frameworks/AppKit.framework/Versions/C/AppKit
0x0000000006827000 	/System/Library/Frameworks/CoreData.framework/Versions/A/CoreData
0x0000000006827000 	/System/Library/PrivateFrameworks/RemoteViewServices.framework/Versions/A/RemoteViewServices
0x0000000006827000 	/System/Library/PrivateFrameworks/UIFoundation.framework/Versions/A/UIFoundation
0x0000000006827000 	/System/Library/Frameworks/IOSurface.framework/Versions/A/IOSurface
0x0000000006827000 	/System/Library/Frameworks/AudioToolbox.framework/Versions/A/AudioToolbox
0x0000000006827000 	/System/Library/Frameworks/AudioUnit.framework/Versions/A/AudioUnit
0x0000000006827000 	/System/Library/PrivateFrameworks/DataDetectorsCore.framework/Versions/A/DataDetectorsCore
0x0000000006827000 	/System/Library/PrivateFrameworks/DesktopServicesPriv.framework/Versions/A/DesktopServicesPriv
0x0000000006827000 	/System/Library/Frameworks/Carbon.framework/Versions/A/Frameworks/HIToolbox.framework/Versions/A/HIToolbox
0x0000000006827000 	/System/Library/Frameworks/QuartzCore.framework/Versions/A/QuartzCore
0x0000000006827000 	/System/Library/Frameworks/Carbon.framework/Versions/A/Frameworks/SpeechRecognition.framework/Versions/A/SpeechRecognition
0x0000000006827000 	/usr/lib/libauto.dylib
0x0000000006827000 	/usr/lib/libicucore.A.dylib
0x0000000006827000 	/usr/lib/libxml2.2.dylib
0x0000000006827000 	/System/Library/PrivateFrameworks/CoreUI.framework/Versions/A/CoreUI
0x0000000006827000 	/System/Library/Frameworks/CoreAudio.framework/Versions/A/CoreAudio
0x0000000006827000 	/System/Library/Frameworks/DiskArbitration.framework/Versions/A/DiskArbitration
0x0000000006827000 	/usr/lib/liblangid.dylib
0x0000000006827000 	/System/Library/PrivateFrameworks/MultitouchSupport.framework/Versions/A/MultitouchSupport
0x0000000006827000 	/System/Library/Frameworks/IOKit.framework/Versions/A/IOKit
0x0000000006827000 	/usr/lib/libDiagnosticMessagesClient.dylib
0x0000000006827000 	/System/Library/Frameworks/CoreServices.framework/Versions/A/CoreServices
0x0000000006827000 	/System/Library/PrivateFrameworks/PerformanceAnalysis.framework/Versions/A/PerformanceAnalysis
0x0000000006827000 	/System/Library/PrivateFrameworks/GenerationalStorage.framework/Versions/A/GenerationalStorage
0x0000000006827000 	/System/Library/Frameworks/OpenGL.framework/Versions/A/OpenGL
0x0000000006827000 	/System/Library/PrivateFrameworks/Sharing.framework/Versions/A/Sharing
0x0000000006827000 	/System/Library/Frameworks/CoreGraphics.framework/Versions/A/CoreGraphics
0x0000000006827000 	/System/Library/Frameworks/CoreText.framework/Versions/A/CoreText
0x0000000006827000 	/System/Library/Frameworks/ImageIO.framework/Versions/A/ImageIO
0x0000000006827000 	/usr/lib/libextension.dylib
0x0000000006827000 	/System/Library/PrivateFrameworks/Backup.framework/Versions/A/Backup
0x0000000006827000 	/usr/lib/libarchive.2.dylib
0x0000000006827000 	/System/Library/Frameworks/CFNetwork.framework/Versions/A/CFNetwork
0x0000000006827000 	/System/Library/Frameworks/SystemConfiguration.framework/Versions/A/SystemConfiguration
0x0000000006827000 	/usr/lib/libCRFSuite.dylib
0x0000000006827000 	/usr/lib/libc++.1.dylib
0x0000000006827000 	/usr/lib/libc++abi.dylib
0x0000000006827000 	/usr/lib/system/libcache.dylib
0x0000000006827000 	/usr/lib/system/libcommonCrypto.dylib
0x0000000006827000 	/usr/lib/system/libcompiler_rt.dylib
0x0000000006827000 	/usr/lib/system/libcopyfile.dylib
0x0000000006827000 	/usr/lib/system/libcorecrypto.dylib
0x0000000006827000 	/usr/lib/system/libdispatch.dylib
0x0000000006827000 	/usr/lib/system/libdyld.dylib
0x0000000006827000 	/usr/lib/system/libkeymgr.dylib
0x0000000006827000 	/usr/lib/system/liblaunch.dylib
0x0000000006827000 	/usr/lib/system/libmacho.dylib
0x0000000006827000 	/usr/lib/system/libquarantine.dylib
0x0000000006827000 	/usr/lib/system/libremovefile.dylib
0x0000000006827000 	/usr/lib/system/libsystem_asl.dylib
0x0000000006827000 	/usr/lib/system/libsystem_blocks.dylib
0x0000000006827000 	/usr/lib/system/libsystem_c.dylib
0x0000000006827000 	/usr/lib/system/libsystem_configuration.dylib
0x0000000006827000 	/usr/lib/system/libsystem_coreservices.dylib
0x0000000006827000 	/usr/lib/system/libsystem_coretls.dylib
0x0000000006827000 	/usr/lib/system/libsystem_dnssd.dylib
0x0000000006827000 	/usr/lib/system/libsystem_info.dylib
0x0000000006827000 	/usr/lib/system/libsystem_kernel.dylib
0x0000000006827000 	/usr/lib/system/libsystem_m.dylib
0x0000000006827000 	/usr/lib/system/libsystem_malloc.dylib
0x0000000006827000 	/usr/lib/system/libsystem_network.dylib
0x0000000006827000 	/usr/lib/system/libsystem_networkextension.dylib
0x0000000006827000 	/usr/lib/system/libsystem_notify.dylib
0x0000000006827000 	/usr/lib/system/libsystem_platform.dylib
0x0000000006827000 	/usr/lib/system/libsystem_pthread.dylib
0x0000000006827000 	/usr/lib/system/libsystem_sandbox.dylib
0x0000000006827000 	/usr/lib/system/libsystem_secinit.dylib
0x0000000006827000 	/usr/lib/system/libsystem_stats.dylib
0x0000000006827000 	/usr/lib/system/libsystem_trace.dylib
0x0000000006827000 	/usr/lib/system/libunc.dylib
0x0000000006827000 	/usr/lib/system/libunwind.dylib
0x0000000006827000 	/usr/lib/system/libxpc.dylib
0x0000000006827000 	/usr/lib/libbz2.1.0.dylib
0x0000000006827000 	/usr/lib/liblzma.5.dylib
0x0000000006827000 	/usr/lib/libbsm.0.dylib
0x0000000006827000 	/usr/lib/libsqlite3.dylib
0x0000000006827000 	/usr/lib/system/libkxld.dylib
0x0000000006827000 	/usr/lib/libxar.1.dylib
0x0000000006827000 	/usr/lib/libpam.2.dylib
0x0000000006827000 	/usr/lib/libOpenScriptingUtil.dylib
0x0000000006827000 	/System/Library/Frameworks/CoreServices.framework/Versions/A/Frameworks/FSEvents.framework/Versions/A/FSEvents
0x0000000006827000 	/System/Library/Frameworks/CoreServices.framework/Versions/A/Frameworks/CarbonCore.framework/Versions/A/CarbonCore
0x0000000006827000 	/System/Library/Frameworks/CoreServices.framework/Versions/A/Frameworks/Metadata.framework/Versions/A/Metadata
0x0000000006827000 	/System/Library/Frameworks/CoreServices.framework/Versions/A/Frameworks/OSServices.framework/Versions/A/OSServices
0x0000000006827000 	/System/Library/Frameworks/CoreServices.framework/Versions/A/Frameworks/SearchKit.framework/Versions/A/SearchKit
0x0000000006827000 	/System/Library/Frameworks/CoreServices.framework/Versions/A/Frameworks/AE.framework/Versions/A/AE
0x0000000006827000 	/System/Library/Frameworks/CoreServices.framework/Versions/A/Frameworks/LaunchServices.framework/Versions/A/LaunchServices
0x0000000006827000 	/System/Library/Frameworks/CoreServices.framework/Versions/A/Frameworks/DictionaryServices.framework/Versions/A/DictionaryServices
0x0000000006827000 	/System/Library/Frameworks/NetFS.framework/Versions/A/NetFS
0x0000000006827000 	/System/Library/PrivateFrameworks/NetAuth.framework/Versions/A/NetAuth
0x0000000006827000 	/System/Library/PrivateFrameworks/login.framework/Versions/A/Frameworks/loginsupport.framework/Versions/A/loginsupport
0x0000000006827000 	/System/Library/PrivateFrameworks/TCC.framework/Versions/A/TCC
0x0000000006827000 	/usr/lib/libmecabra.dylib
0x0000000006827000 	/System/Library/PrivateFrameworks/LanguageModeling.framework/Versions/A/LanguageModeling
0x0000000006827000 	/usr/lib/libcmph.dylib
0x0000000006827000 	/usr/lib/libiconv.2.dylib
0x0000000006827000 	/System/Library/Frameworks/OpenDirectory.framework/Versions/A/Frameworks/CFOpenDirectory.framework/Versions/A/CFOpenDirectory
0x0000000006827000 	/System/Library/Frameworks/ServiceManagement.framework/Versions/A/ServiceManagement
0x0000000006827000 	/usr/lib/libxslt.1.dylib
0x0000000006827000 	/System/Library/Frameworks/Carbon.framework/Versions/A/Frameworks/Ink.framework/Versions/A/Ink
0x0000000006827000 	/System/Library/Frameworks/ApplicationServices.framework/Versions/A/Frameworks/ATS.framework/Versions/A/ATS
0x0000000006827000 	/System/Library/Frameworks/ApplicationServices.framework/Versions/A/Frameworks/ColorSync.framework/Versions/A/ColorSync
0x0000000006827000 	/System/Library/Frameworks/ApplicationServices.framework/Versions/A/Frameworks/HIServices.framework/Versions/A/HIServices
0x0000000006827000 	/System/Library/Frameworks/ApplicationServices.framework/Versions/A/Frameworks/LangAnalysis.framework/Versions/A/LangAnalysis
0x0000000006827000 	/System/Library/Frameworks/ApplicationServices.framework/Versions/A/Frameworks/PrintCore.framework/Versions/A/PrintCore
0x0000000006827000 	/System/Library/Frameworks/ApplicationServices.framework/Versions/A/Frameworks/QD.framework/Versions/A/QD
0x0000000006827000 	/System/Library/Frameworks/ApplicationServices.framework/Versions/A/Frameworks/SpeechSynthesis.framework/Versions/A/SpeechSynthesis
0x0000000006827000 	/System/Library/Frameworks/Accelerate.framework/Versions/A/Accelerate
0x0000000006827000 	/System/Library/Frameworks/Accelerate.framework/Versions/A/Frameworks/vImage.framework/Versions/A/vImage
0x0000000006827000 	/System/Library/Frameworks/Accelerate.framework/Versions/A/Frameworks/vecLib.framework/Versions/A/vecLib
0x0000000006827000 	/System/Library/Frameworks/Accelerate.framework/Versions/A/Frameworks/vecLib.framework/Versions/A/libvDSP.dylib
0x0000000006827000 	/System/Library/Frameworks/Accelerate.framework/Versions/A/Frameworks/vecLib.framework/Versions/A/libvMisc.dylib
0x0000000006827000 	/System/Library/Frameworks/Accelerate.framework/Versions/A/Frameworks/vecLib.framework/Versions/A/libLAPACK.dylib
0x0000000006827000 	/System/Library/Frameworks/Accelerate.framework/Versions/A/Frameworks/vecLib.framework/Versions/A/libBLAS.dylib
0x0000000006827000 	/System/Library/Frameworks/Accelerate.framework/Versions/A/Frameworks/vecLib.framework/Versions/A/libLinearAlgebra.dylib
0x0000000006827000 	/System/Library/Frameworks/ApplicationServices.framework/Versions/A/Frameworks/ATS.framework/Versions/A/Resources/libFontParser.dylib
0x0000000006827000 	/System/Library/Frameworks/ApplicationServices.framework/Versions/A/Frameworks/ATS.framework/Versions/A/Resources/libFontRegistry.dylib
0x0000000006827000 	/System/Library/PrivateFrameworks/AppleVPA.framework/Versions/A/AppleVPA
0x0000000006827000 	/System/Library/PrivateFrameworks/AppleJPEG.framework/Versions/A/AppleJPEG
0x0000000006827000 	/System/Library/Frameworks/ImageIO.framework/Versions/A/Resources/libJPEG.dylib
0x0000000006827000 	/System/Library/Frameworks/ImageIO.framework/Versions/A/Resources/libTIFF.dylib
0x0000000006827000 	/System/Library/Frameworks/ImageIO.framework/Versions/A/Resources/libPng.dylib
0x0000000006827000 	/System/Library/Frameworks/ImageIO.framework/Versions/A/Resources/libGIF.dylib
0x0000000006827000 	/System/Library/Frameworks/ImageIO.framework/Versions/A/Resources/libJP2.dylib
0x0000000006827000 	/System/Library/Frameworks/ImageIO.framework/Versions/A/Resources/libRadiance.dylib
0x0000000006827000 	/System/Library/Frameworks/CoreVideo.framework/Versions/A/CoreVideo
0x0000000006827000 	/System/Library/Frameworks/OpenGL.framework/Versions/A/Libraries/libGLU.dylib
0x0000000006827000 	/System/Library/Frameworks/OpenGL.framework/Versions/A/Libraries/libGFXShared.dylib
0x0000000006827000 	/System/Library/Frameworks/OpenGL.framework/Versions/A/Libraries/libGL.dylib
0x0000000006827000 	/System/Library/Frameworks/OpenGL.framework/Versions/A/Libraries/libGLImage.dylib
0x0000000006827000 	/System/Library/Frameworks/OpenGL.framework/Versions/A/Libraries/libCVMSPluginSupport.dylib
0x0000000006827000 	/System/Library/Frameworks/OpenGL.framework/Versions/A/Libraries/libCoreVMClient.dylib
0x0000000006827000 	/usr/lib/libcups.2.dylib
0x0000000006827000 	/System/Library/Frameworks/Kerberos.framework/Versions/A/Kerberos
0x0000000006827000 	/System/Library/Frameworks/GSS.framework/Versions/A/GSS
0x0000000006827000 	/usr/lib/libresolv.9.dylib
0x0000000006827000 	/System/Library/PrivateFrameworks/Heimdal.framework/Versions/A/Heimdal
0x0000000006827000 	/usr/lib/libheimdal-asn1.dylib
0x0000000006827000 	/System/Library/Frameworks/OpenDirectory.framework/Versions/A/OpenDirectory
0x0000000006827000 	/System/Library/PrivateFrameworks/CommonAuth.framework/Versions/A/CommonAuth
0x0000000006827000 	/System/Library/Frameworks/SecurityFoundation.framework/Versions/A/SecurityFoundation
0x0000000006827000 	/System/Library/Frameworks/QuartzCore.framework/Versions/A/Frameworks/CoreImage.framework/Versions/A/CoreImage
0x0000000006827000 	/System/Library/PrivateFrameworks/CrashReporterSupport.framework/Versions/A/CrashReporterSupport
0x0000000006827000 	/System/Library/Frameworks/OpenCL.framework/Versions/A/OpenCL
0x0000000006827000 	/System/Library/PrivateFrameworks/FaceCore.framework/Versions/A/FaceCore
0x0000000006827000 	/System/Library/PrivateFrameworks/Ubiquity.framework/Versions/A/Ubiquity
0x0000000006827000 	/System/Library/PrivateFrameworks/IconServices.framework/Versions/A/IconServices
0x0000000006827000 	/System/Library/PrivateFrameworks/ChunkingLibrary.framework/Versions/A/ChunkingLibrary
0x0000000006827000 	/System/Library/PrivateFrameworks/Apple80211.framework/Versions/A/Apple80211
0x0000000006827000 	/System/Library/Frameworks/CoreWLAN.framework/Versions/A/CoreWLAN
0x0000000006827000 	/System/Library/Frameworks/IOBluetooth.framework/Versions/A/IOBluetooth
0x0000000006827000 	/System/Library/PrivateFrameworks/CoreWiFi.framework/Versions/A/CoreWiFi
0x0000000006827000 	/System/Library/Frameworks/CoreBluetooth.framework/Versions/A/CoreBluetooth
0x0000000006827000 	/System/Library/PrivateFrameworks/DebugSymbols.framework/Versions/A/DebugSymbols
0x0000000006827000 	/System/Library/PrivateFrameworks/CoreSymbolication.framework/Versions/A/CoreSymbolication
0x0000000006827000 	/System/Library/PrivateFrameworks/Symbolication.framework/Versions/A/Symbolication
0x0000000006827000 	/System/Library/PrivateFrameworks/SpeechRecognitionCore.framework/Versions/A/SpeechRecognitionCore
0x000000010c603000 	/Library/Java/JavaVirtualMachines/jdk1.8.0_20.jdk/Contents/Home/jre/lib/server/libjvm.dylib
0x0000000006827000 	/usr/lib/libstdc++.6.dylib
0x000000010d535000 	/Library/Java/JavaVirtualMachines/jdk1.8.0_20.jdk/Contents/Home/jre/lib/libverify.dylib
0x000000010d543000 	/Library/Java/JavaVirtualMachines/jdk1.8.0_20.jdk/Contents/Home/jre/lib/libjava.dylib
0x000000010d581000 	/Library/Java/JavaVirtualMachines/jdk1.8.0_20.jdk/Contents/Home/jre/lib/libzip.dylib
0x0000000123f07000 	/System/Library/Frameworks/JavaVM.framework/Frameworks/JavaRuntimeSupport.framework/JavaRuntimeSupport
0x0000000123f1f000 	/System/Library/Frameworks/JavaVM.framework/Versions/A/Frameworks/JavaNativeFoundation.framework/Versions/A/JavaNativeFoundation
0x0000000123f34000 	/System/Library/Frameworks/JavaVM.framework/Versions/A/JavaVM
0x0000000006827000 	/System/Library/Frameworks/Carbon.framework/Versions/A/Carbon
0x0000000123f41000 	/System/Library/PrivateFrameworks/JavaLaunching.framework/Versions/A/JavaLaunching
0x0000000006827000 	/System/Library/Frameworks/Carbon.framework/Versions/A/Frameworks/CommonPanels.framework/Versions/A/CommonPanels
0x0000000006827000 	/System/Library/Frameworks/Carbon.framework/Versions/A/Frameworks/Help.framework/Versions/A/Help
0x0000000006827000 	/System/Library/Frameworks/Carbon.framework/Versions/A/Frameworks/ImageCapture.framework/Versions/A/ImageCapture
0x0000000006827000 	/System/Library/Frameworks/Carbon.framework/Versions/A/Frameworks/OpenScripting.framework/Versions/A/OpenScripting
0x0000000006827000 	/System/Library/Frameworks/Carbon.framework/Versions/A/Frameworks/Print.framework/Versions/A/Print
0x0000000006827000 	/System/Library/Frameworks/Carbon.framework/Versions/A/Frameworks/SecurityHI.framework/Versions/A/SecurityHI
0x0000000125f2c000 	/Library/Java/JavaVirtualMachines/jdk1.8.0_20.jdk/Contents/Home/jre/lib/libprism_es2.dylib
0x0000000006827000 	/System/Library/Frameworks/OpenGL.framework/Versions/A/Resources/GLEngine.bundle/GLEngine
0x0000000006827000 	/System/Library/Frameworks/OpenGL.framework/Versions/A/Libraries/libGLProgrammability.dylib
0x0000000000000000 	/System/Library/Extensions/AppleIntelHD5000GraphicsGLDriver.bundle/Contents/MacOS/AppleIntelHD5000GraphicsGLDriver
0x0000000006827000 	/System/Library/PrivateFrameworks/IOAccelerator.framework/Versions/A/IOAccelerator
0x0000000006827000 	/System/Library/PrivateFrameworks/GPUSupport.framework/Versions/A/Libraries/libGPUSupportMercury.dylib
0x0000000006827000 	/System/Library/Frameworks/OpenGL.framework/Versions/A/Resources/GLRendererFloat.bundle/GLRendererFloat
0x0000000006827000 	/System/Library/Frameworks/OpenCL.framework/Versions/A/Libraries/libcldcpuengine.dylib
0x0000000006827000 	/System/Library/PrivateFrameworks/DiskImages.framework/Versions/A/DiskImages
0x0000000006827000 	/System/Library/Frameworks/DiscRecording.framework/Versions/A/DiscRecording
0x0000000006827000 	/usr/lib/libcsfde.dylib
0x0000000006827000 	/usr/lib/libcurl.4.dylib
0x0000000006827000 	/System/Library/PrivateFrameworks/MediaKit.framework/Versions/A/MediaKit
0x0000000006827000 	/System/Library/PrivateFrameworks/ProtectedCloudStorage.framework/Versions/A/ProtectedCloudStorage
0x0000000006827000 	/usr/lib/libCoreStorage.dylib
0x0000000006827000 	/System/Library/PrivateFrameworks/EFILogin.framework/Versions/A/EFILogin
0x0000000006827000 	/usr/lib/libutil.dylib
0x0000000006827000 	/System/Library/PrivateFrameworks/FindMyDevice.framework/Versions/A/FindMyDevice
0x0000000006827000 	/System/Library/Frameworks/LDAP.framework/Versions/A/LDAP
0x0000000006827000 	/usr/lib/libsasl2.2.dylib
0x0000000006827000 	/System/Library/PrivateFrameworks/CoreDaemon.framework/Versions/B/CoreDaemon
0x0000000006827000 	/usr/lib/libcrypto.0.9.8.dylib
0x0000000006827000 	/System/Library/PrivateFrameworks/AppleSRP.framework/Versions/A/AppleSRP
0x0000000006827000 	/System/Library/PrivateFrameworks/TrustEvaluationAgent.framework/Versions/A/TrustEvaluationAgent
0x00000001263d9000 	/Library/Java/JavaVirtualMachines/jdk1.8.0_20.jdk/Contents/Home/jre/lib/libglass.dylib
0x0000000006827000 	/System/Library/PrivateFrameworks/CoreServicesInternal.framework/Versions/A/CoreServicesInternal
0x0000000006827000 	/System/Library/PrivateFrameworks/CloudDocs.framework/Versions/A/CloudDocs
0x0000000006827000 	/System/Library/PrivateFrameworks/CoreDuet.framework/Versions/A/CoreDuet
0x0000000006827000 	/System/Library/Frameworks/CloudKit.framework/Versions/A/CloudKit
0x0000000006827000 	/System/Library/PrivateFrameworks/ProtocolBuffer.framework/Versions/A/ProtocolBuffer
0x0000000006827000 	/System/Library/PrivateFrameworks/CoreDuetDaemonProtocol.framework/Versions/A/CoreDuetDaemonProtocol
0x0000000006827000 	/System/Library/PrivateFrameworks/CoreDuetDebugLogging.framework/Versions/A/CoreDuetDebugLogging
0x0000000006827000 	/System/Library/Frameworks/CoreLocation.framework/Versions/A/CoreLocation
0x0000000006827000 	/System/Library/Frameworks/Accounts.framework/Versions/A/Accounts
0x0000000006827000 	/System/Library/PrivateFrameworks/ApplePushService.framework/Versions/A/ApplePushService
0x0000000006827000 	/System/Library/PrivateFrameworks/GeoServices.framework/Versions/A/GeoServices
0x0000000006827000 	/System/Library/PrivateFrameworks/OAuth.framework/Versions/A/OAuth
0x0000000006827000 	/System/Library/Frameworks/CoreGraphics.framework/Versions/A/Resources/libCGCMS.A.dylib
0x0000000006827000 	/System/Library/CoreServices/RawCamera.bundle/Contents/MacOS/RawCamera
0x0000000006827000 	/System/Library/Frameworks/CoreGraphics.framework/Versions/A/Resources/libRIP.A.dylib
0x0000000006827000 	/System/Library/PrivateFrameworks/FamilyControls.framework/Versions/A/FamilyControls
0x0000000006827000 	/System/Library/PrivateFrameworks/CommerceKit.framework/Versions/A/Frameworks/CommerceCore.framework/Versions/A/CommerceCore
0x0000000006827000 	/System/Library/PrivateFrameworks/SystemAdministration.framework/Versions/A/SystemAdministration
0x0000000006827000 	/System/Library/PrivateFrameworks/AppContainer.framework/Versions/A/AppContainer
0x0000000006827000 	/System/Library/PrivateFrameworks/SecCodeWrapper.framework/Versions/A/SecCodeWrapper
0x0000000006827000 	/System/Library/Frameworks/DirectoryService.framework/Versions/A/DirectoryService
0x0000000006827000 	/System/Library/PrivateFrameworks/LoginUIKit.framework/Versions/A/Frameworks/LoginUICore.framework/Versions/A/LoginUICore
0x0000000006827000 	/usr/lib/libodfde.dylib
0x0000000129ee8000 	/Library/Java/JavaVirtualMachines/jdk1.8.0_20.jdk/Contents/Home/jre/lib/libjavafx_font.dylib
0x0000000006827000 	/System/Library/Frameworks/CoreGraphics.framework/Versions/A/Resources/libCGXType.A.dylib
0x000000012c7b9000 	cl_kernels
0x000000012d76b000 	/System/Library/Frameworks/OpenCL.framework/Versions/A/Libraries/ImageFormats/unorm8_bgra.dylib
0x000000012c7ab000 	cl_kernels
0x000000012e06d000 	/Library/Java/JavaVirtualMachines/jdk1.8.0_20.jdk/Contents/Home/jre/lib/libprism_common.dylib
0x0000000129e59000 	/Library/Java/JavaVirtualMachines/jdk1.8.0_20.jdk/Contents/Home/jre/lib/libnet.dylib

VM Arguments:
jvm_args: -Dfile.encoding=UTF-8 
java_command: bank.gui.BankierClient
java_class_path (initial): /Users/Eric/git/GSO31-JenE/BankierenNoObserverFX/dist/BankierenNoObserverFX.jar:/Library/Java/JavaVirtualMachines/jdk1.8.0_20.jdk/Contents/Home/jre/lib/javaws.jar:/Library/Java/JavaVirtualMachines/jdk1.8.0_20.jdk/Contents/Home/jre/lib/deploy.jar:/Library/Java/JavaVirtualMachines/jdk1.8.0_20.jdk/Contents/Home/jre/lib/plugin.jar:/Users/Eric/git/GSO31-JenE/BankierenNoObserverFX/FontysObserver.jar:/Users/Eric/git/GSO31-JenE/BankierenNoObserverFX/build/classes
Launcher Type: SUN_STANDARD

Environment Variables:
PATH=/usr/bin:/bin:/usr/sbin:/sbin
LD_LIBRARY_PATH=/Library/Java/JavaVirtualMachines/jdk1.8.0_20.jdk/Contents/Home/jre/lib/amd64:/Library/Java/JavaVirtualMachines/jdk1.8.0_20.jdk/Contents/Home/jre/lib/i386:
SHELL=/bin/bash
DYLD_LIBRARY_PATH=/Applications/NetBeans/NetBeans 8.0.app/Contents/Resources/NetBeans/webcommon/bin:

Signal Handlers:
SIGSEGV: [libjvm.dylib+0x578fd7], sa_mask[0]=11111111011111110111111111111111, sa_flags=SA_ONSTACK|SA_RESTART|SA_SIGINFO
SIGBUS: [libjvm.dylib+0x578fd7], sa_mask[0]=11111111011111110111111111111111, sa_flags=SA_RESTART|SA_SIGINFO
SIGFPE: [libjvm.dylib+0x45ab0c], sa_mask[0]=11111111011111110111111111111111, sa_flags=SA_RESTART|SA_SIGINFO
SIGPIPE: [libjvm.dylib+0x45ab0c], sa_mask[0]=11111111011111110111111111111111, sa_flags=SA_RESTART|SA_SIGINFO
SIGXFSZ: [libjvm.dylib+0x45ab0c], sa_mask[0]=11111111011111110111111111111111, sa_flags=SA_RESTART|SA_SIGINFO
SIGILL: [libjvm.dylib+0x45ab0c], sa_mask[0]=11111111011111110111111111111111, sa_flags=SA_RESTART|SA_SIGINFO
SIGUSR1: SIG_DFL, sa_mask[0]=00000000000000000000000000000000, sa_flags=none
SIGUSR2: [libjvm.dylib+0x45a62a], sa_mask[0]=00100000000000000000000000000000, sa_flags=SA_RESTART|SA_SIGINFO
SIGHUP: [libjvm.dylib+0x458bfd], sa_mask[0]=11111111011111110111111111111111, sa_flags=SA_RESTART|SA_SIGINFO
SIGINT: SIG_IGN, sa_mask[0]=00000000000000000000000000000000, sa_flags=none
SIGTERM: [libjvm.dylib+0x458bfd], sa_mask[0]=11111111011111110111111111111111, sa_flags=SA_RESTART|SA_SIGINFO
SIGQUIT: [libjvm.dylib+0x458bfd], sa_mask[0]=11111111011111110111111111111111, sa_flags=SA_RESTART|SA_SIGINFO


---------------  S Y S T E M  ---------------

OS:Bsduname:Darwin 14.0.0 Darwin Kernel Version 14.0.0: Fri Sep 19 00:26:44 PDT 2014; root:xnu-2782.1.97~2/RELEASE_X86_64 x86_64
rlimit: STACK 8192k, CORE 0k, NPROC 709, NOFILE 10240, AS infinity
load average:1.67 1.62 1.59

CPU:total 4 (2 cores per cpu, 2 threads per core) family 6 model 69 stepping 1, cmov, cx8, fxsr, mmx, sse, sse2, sse3, ssse3, sse4.1, sse4.2, popcnt, avx, avx2, aes, clmul, erms, lzcnt, ht, tsc, tscinvbit, bmi1, bmi2

Memory: 4k page, physical 8388608k(1086360k free)

/proc/meminfo:


vm_info: Java HotSpot(TM) 64-Bit Server VM (25.20-b23) for bsd-amd64 JRE (1.8.0_20-b26), built on Jul 30 2014 13:37:47 by "java_re" with gcc 4.2.1 (Based on Apple Inc. build 5658) (LLVM build 2336.9.00)

time: Sun Dec 14 22:34:26 2014
elapsed time: 426 seconds (0d 0h 7m 6s)

